30/09/2018 17:11:35 INFO ==========
30/09/2018 17:11:35 INFO ITERATION 0
30/09/2018 17:11:35 INFO ==========
30/09/2018 17:11:35 INFO ==========
30/09/2018 17:11:35 INFO game 1 of 10
30/09/2018 17:11:35 INFO ==========
30/09/2018 17:11:35 INFO CHAMPION play as X
30/09/2018 17:11:35 INFO CHAMPION play as O
30/09/2018 17:11:35 INFO --------------------------------------------------
30/09/2018 17:11:35 INFO 
-------
-------
-------
-------
-------
-------
30/09/2018 17:11:35 INFO CHAMPION
30/09/2018 17:11:35 INFO action: 5
30/09/2018 17:11:35 INFO pi : [0.16326531 0.12244898 0.16326531 0.12244898 0.18367347 0.10204082
 0.14285714]
30/09/2018 17:11:35 INFO MCTS perceived value for X: -0.08
30/09/2018 17:11:35 INFO NN perceived value for X: -0.11
30/09/2018 17:11:35 INFO ==========
30/09/2018 17:11:35 INFO 
-------
-------
-------
-------
-------
-----X-
30/09/2018 17:11:35 INFO CHAMPION
30/09/2018 17:11:35 INFO action: 5
30/09/2018 17:11:35 INFO pi : [0.12962963 0.16666667 0.16666667 0.14814815 0.12962963 0.14814815
 0.11111111]
30/09/2018 17:11:35 INFO MCTS perceived value for O: 0.09
30/09/2018 17:11:35 INFO NN perceived value for O: 0.08
30/09/2018 17:11:35 INFO ==========
30/09/2018 17:11:35 INFO 
-------
-------
-------
-------
-----O-
-----X-
30/09/2018 17:11:35 INFO CHAMPION
30/09/2018 17:11:35 INFO action: 0
30/09/2018 17:11:35 INFO pi : [0.15789474 0.07017544 0.15789474 0.15789474 0.12280702 0.15789474
 0.1754386 ]
30/09/2018 17:11:35 INFO MCTS perceived value for X: -0.08
30/09/2018 17:11:35 INFO NN perceived value for X: -0.07
30/09/2018 17:11:35 INFO ==========
30/09/2018 17:11:35 INFO 
-------
-------
-------
-------
-----O-
X----X-
30/09/2018 17:11:35 INFO CHAMPION
30/09/2018 17:11:35 INFO action: 1
30/09/2018 17:11:35 INFO pi : [0.12068966 0.17241379 0.06896552 0.12068966 0.13793103 0.13793103
 0.24137931]
30/09/2018 17:11:35 INFO MCTS perceived value for O: 0.07
30/09/2018 17:11:35 INFO NN perceived value for O: 0.08
30/09/2018 17:11:35 INFO ==========
30/09/2018 17:11:35 INFO 
-------
-------
-------
-------
-----O-
XO---X-
30/09/2018 17:11:35 INFO CHAMPION
30/09/2018 17:11:35 INFO action: 3
30/09/2018 17:11:35 INFO pi : [0.15254237 0.15254237 0.11864407 0.10169492 0.18644068 0.15254237
 0.13559322]
30/09/2018 17:11:35 INFO MCTS perceived value for X: -0.08
30/09/2018 17:11:35 INFO NN perceived value for X: -0.04
30/09/2018 17:11:35 INFO ==========
30/09/2018 17:11:35 INFO 
-------
-------
-------
-------
-----O-
XO-X-X-
30/09/2018 17:11:35 INFO CHAMPION
30/09/2018 17:11:35 INFO action: 0
30/09/2018 17:11:35 INFO pi : [0.16363636 0.10909091 0.12727273 0.16363636 0.10909091 0.10909091
 0.21818182]
30/09/2018 17:11:35 INFO MCTS perceived value for O: 0.06
30/09/2018 17:11:35 INFO NN perceived value for O: 0.1
30/09/2018 17:11:35 INFO ==========
30/09/2018 17:11:35 INFO 
-------
-------
-------
-------
O----O-
XO-X-X-
30/09/2018 17:11:35 INFO CHAMPION
30/09/2018 17:11:35 INFO action: 4
30/09/2018 17:11:35 INFO pi : [0.13793103 0.15517241 0.13793103 0.12068966 0.13793103 0.12068966
 0.18965517]
30/09/2018 17:11:35 INFO MCTS perceived value for X: -0.07
30/09/2018 17:11:35 INFO NN perceived value for X: -0.03
30/09/2018 17:11:35 INFO ==========
30/09/2018 17:11:35 INFO 
-------
-------
-------
-------
O----O-
XO-XXX-
30/09/2018 17:11:35 INFO CHAMPION
30/09/2018 17:11:35 INFO action: 1
30/09/2018 17:11:35 INFO pi : [0.14035088 0.15789474 0.14035088 0.12280702 0.15789474 0.14035088
 0.14035088]
30/09/2018 17:11:35 INFO MCTS perceived value for O: -0.53
30/09/2018 17:11:35 INFO NN perceived value for O: 0.1
30/09/2018 17:11:35 INFO ==========
30/09/2018 17:11:35 INFO 
-------
-------
-------
-------
OO---O-
XO-XXX-
30/09/2018 17:11:35 INFO CHAMPION
30/09/2018 17:11:35 INFO action: 5
30/09/2018 17:11:35 INFO pi : [0.03448276 0.01724138 0.4137931  0.03448276 0.03448276 0.03448276
 0.43103448]
30/09/2018 17:11:35 INFO MCTS perceived value for X: -0.07
30/09/2018 17:11:35 INFO NN perceived value for X: -0.04
30/09/2018 17:11:35 INFO ==========
30/09/2018 17:11:35 INFO 
-------
-------
-------
-----X-
OO---O-
XO-XXX-
30/09/2018 17:11:35 INFO CHAMPION
30/09/2018 17:11:35 INFO action: 3
30/09/2018 17:11:35 INFO pi : [0.15686275 0.1372549  0.15686275 0.1372549  0.1372549  0.11764706
 0.15686275]
30/09/2018 17:11:35 INFO MCTS perceived value for O: -0.39
30/09/2018 17:11:35 INFO NN perceived value for O: 0.1
30/09/2018 17:11:35 INFO ==========
30/09/2018 17:11:35 INFO 
-------
-------
-------
-----X-
OO-O-O-
XO-XXX-
30/09/2018 17:11:35 INFO CHAMPION
30/09/2018 17:11:35 INFO action: 6
30/09/2018 17:11:35 INFO pi : [0.01785714 0.03571429 0.41071429 0.03571429 0.03571429 0.03571429
 0.42857143]
30/09/2018 17:11:35 INFO MCTS perceived value for X: 1.0
30/09/2018 17:11:35 INFO NN perceived value for X: -0.05
30/09/2018 17:11:35 INFO ==========
30/09/2018 17:11:35 INFO 
-------
-------
-------
-----X-
OO-O-O-
XO-XXXX
30/09/2018 17:11:35 INFO GAME : 0, VALUE: -1, NAME : -1
30/09/2018 17:11:35 INFO O WINS!
30/09/2018 17:11:35 INFO SP {'X': 0, 'O': 1}
30/09/2018 17:11:35 INFO ==========
30/09/2018 17:11:35 INFO game 2 of 10
30/09/2018 17:11:35 INFO ==========
30/09/2018 17:11:35 INFO CHAMPION play as X
30/09/2018 17:11:35 INFO CHAMPION play as O
30/09/2018 17:11:35 INFO --------------------------------------------------
30/09/2018 17:11:35 INFO 
-------
-------
-------
-------
-------
-------
30/09/2018 17:11:35 INFO CHAMPION
30/09/2018 17:11:35 INFO action: 1
30/09/2018 17:11:35 INFO pi : [0.18367347 0.06122449 0.08163265 0.16326531 0.20408163 0.16326531
 0.14285714]
30/09/2018 17:11:35 INFO MCTS perceived value for X: -0.09
30/09/2018 17:11:35 INFO NN perceived value for X: -0.1
30/09/2018 17:11:35 INFO ==========
30/09/2018 17:11:35 INFO 
-------
-------
-------
-------
-------
-X-----
30/09/2018 17:11:35 INFO CHAMPION
30/09/2018 17:11:35 INFO action: 2
30/09/2018 17:11:35 INFO pi : [0.13461538 0.15384615 0.13461538 0.19230769 0.15384615 0.15384615
 0.07692308]
30/09/2018 17:11:35 INFO MCTS perceived value for O: 0.1
30/09/2018 17:11:35 INFO NN perceived value for O: 0.09
30/09/2018 17:11:35 INFO ==========
30/09/2018 17:11:35 INFO 
-------
-------
-------
-------
-------
-XO----
30/09/2018 17:11:35 INFO CHAMPION
30/09/2018 17:11:35 INFO action: 4
30/09/2018 17:11:35 INFO pi : [0.17857143 0.16071429 0.14285714 0.08928571 0.125      0.16071429
 0.14285714]
30/09/2018 17:11:35 INFO MCTS perceived value for X: -0.08
30/09/2018 17:11:35 INFO NN perceived value for X: -0.09
30/09/2018 17:11:35 INFO ==========
30/09/2018 17:11:35 INFO 
-------
-------
-------
-------
-------
-XO-X--
30/09/2018 17:11:35 INFO CHAMPION
30/09/2018 17:11:35 INFO action: 5
30/09/2018 17:11:35 INFO pi : [0.14285714 0.17857143 0.16071429 0.125      0.08928571 0.16071429
 0.14285714]
30/09/2018 17:11:35 INFO MCTS perceived value for O: 0.08
30/09/2018 17:11:35 INFO NN perceived value for O: 0.09
30/09/2018 17:11:35 INFO ==========
30/09/2018 17:11:35 INFO 
-------
-------
-------
-------
-------
-XO-XO-
30/09/2018 17:11:35 INFO CHAMPION
30/09/2018 17:11:35 INFO action: 6
30/09/2018 17:11:35 INFO pi : [0.13793103 0.12068966 0.18965517 0.15517241 0.15517241 0.15517241
 0.0862069 ]
30/09/2018 17:11:35 INFO MCTS perceived value for X: -0.08
30/09/2018 17:11:35 INFO NN perceived value for X: -0.08
30/09/2018 17:11:35 INFO ==========
30/09/2018 17:11:35 INFO 
-------
-------
-------
-------
-------
-XO-XOX
30/09/2018 17:11:36 INFO CHAMPION
30/09/2018 17:11:36 INFO action: 0
30/09/2018 17:11:36 INFO pi : [0.2037037  0.12962963 0.09259259 0.11111111 0.09259259 0.16666667
 0.2037037 ]
30/09/2018 17:11:36 INFO MCTS perceived value for O: 0.08
30/09/2018 17:11:36 INFO NN perceived value for O: 0.08
30/09/2018 17:11:36 INFO ==========
30/09/2018 17:11:36 INFO 
-------
-------
-------
-------
-------
OXO-XOX
30/09/2018 17:11:36 INFO CHAMPION
30/09/2018 17:11:36 INFO action: 0
30/09/2018 17:11:36 INFO pi : [0.15       0.11666667 0.11666667 0.23333333 0.2        0.06666667
 0.11666667]
30/09/2018 17:11:36 INFO MCTS perceived value for X: -0.08
30/09/2018 17:11:36 INFO NN perceived value for X: -0.07
30/09/2018 17:11:36 INFO ==========
30/09/2018 17:11:36 INFO 
-------
-------
-------
-------
X------
OXO-XOX
30/09/2018 17:11:36 INFO CHAMPION
30/09/2018 17:11:36 INFO action: 3
30/09/2018 17:11:36 INFO pi : [0.15517241 0.12068966 0.20689655 0.13793103 0.15517241 0.12068966
 0.10344828]
30/09/2018 17:11:36 INFO MCTS perceived value for O: 0.08
30/09/2018 17:11:36 INFO NN perceived value for O: 0.07
30/09/2018 17:11:36 INFO ==========
30/09/2018 17:11:36 INFO 
-------
-------
-------
-------
X------
OXOOXOX
30/09/2018 17:11:36 INFO CHAMPION
30/09/2018 17:11:36 INFO action: 1
30/09/2018 17:11:36 INFO pi : [0.15789474 0.22807018 0.10526316 0.14035088 0.0877193  0.1754386
 0.10526316]
30/09/2018 17:11:36 INFO MCTS perceived value for X: -0.08
30/09/2018 17:11:36 INFO NN perceived value for X: -0.09
30/09/2018 17:11:36 INFO ==========
30/09/2018 17:11:36 INFO 
-------
-------
-------
-------
XX-----
OXOOXOX
30/09/2018 17:11:36 INFO CHAMPION
30/09/2018 17:11:36 INFO action: 2
30/09/2018 17:11:36 INFO pi : [0.17741935 0.14516129 0.09677419 0.11290323 0.17741935 0.16129032
 0.12903226]
30/09/2018 17:11:36 INFO MCTS perceived value for O: 0.07
30/09/2018 17:11:36 INFO NN perceived value for O: 0.08
30/09/2018 17:11:36 INFO ==========
30/09/2018 17:11:36 INFO 
-------
-------
-------
-------
XXO----
OXOOXOX
30/09/2018 17:11:36 INFO CHAMPION
30/09/2018 17:11:36 INFO action: 0
30/09/2018 17:11:36 INFO pi : [0.09090909 0.14545455 0.09090909 0.18181818 0.18181818 0.14545455
 0.16363636]
30/09/2018 17:11:36 INFO MCTS perceived value for X: -0.07
30/09/2018 17:11:36 INFO NN perceived value for X: -0.07
30/09/2018 17:11:36 INFO ==========
30/09/2018 17:11:36 INFO 
-------
-------
-------
X------
XXO----
OXOOXOX
30/09/2018 17:11:36 INFO CHAMPION
30/09/2018 17:11:36 INFO action: 2
30/09/2018 17:11:36 INFO pi : [0.14814815 0.16666667 0.09259259 0.16666667 0.12962963 0.12962963
 0.16666667]
30/09/2018 17:11:36 INFO MCTS perceived value for O: 0.08
30/09/2018 17:11:36 INFO NN perceived value for O: 0.08
30/09/2018 17:11:36 INFO ==========
30/09/2018 17:11:36 INFO 
-------
-------
-------
X-O----
XXO----
OXOOXOX
30/09/2018 17:11:36 INFO CHAMPION
30/09/2018 17:11:36 INFO action: 2
30/09/2018 17:11:36 INFO pi : [0.16666667 0.14814815 0.16666667 0.18518519 0.09259259 0.12962963
 0.11111111]
30/09/2018 17:11:36 INFO MCTS perceived value for X: -0.08
30/09/2018 17:11:36 INFO NN perceived value for X: -0.07
30/09/2018 17:11:36 INFO ==========
30/09/2018 17:11:36 INFO 
-------
-------
--X----
X-O----
XXO----
OXOOXOX
30/09/2018 17:11:36 INFO CHAMPION
30/09/2018 17:11:36 INFO action: 6
30/09/2018 17:11:36 INFO pi : [0.13793103 0.15517241 0.18965517 0.10344828 0.18965517 0.06896552
 0.15517241]
30/09/2018 17:11:36 INFO MCTS perceived value for O: 0.07
30/09/2018 17:11:36 INFO NN perceived value for O: 0.09
30/09/2018 17:11:36 INFO ==========
30/09/2018 17:11:36 INFO 
-------
-------
--X----
X-O----
XXO---O
OXOOXOX
30/09/2018 17:11:36 INFO CHAMPION
30/09/2018 17:11:36 INFO action: 1
30/09/2018 17:11:36 INFO pi : [0.17241379 0.15517241 0.13793103 0.10344828 0.13793103 0.17241379
 0.12068966]
30/09/2018 17:11:36 INFO MCTS perceived value for X: -0.09
30/09/2018 17:11:36 INFO NN perceived value for X: -0.05
30/09/2018 17:11:36 INFO ==========
30/09/2018 17:11:36 INFO 
-------
-------
--X----
XXO----
XXO---O
OXOOXOX
30/09/2018 17:11:36 INFO CHAMPION
30/09/2018 17:11:36 INFO action: 1
30/09/2018 17:11:36 INFO pi : [0.10344828 0.44827586 0.0862069  0.10344828 0.0862069  0.0862069
 0.0862069 ]
30/09/2018 17:11:36 INFO MCTS perceived value for O: 0.08
30/09/2018 17:11:36 INFO NN perceived value for O: 0.12
30/09/2018 17:11:36 INFO ==========
30/09/2018 17:11:36 INFO 
-------
-------
-OX----
XXO----
XXO---O
OXOOXOX
30/09/2018 17:11:36 INFO CHAMPION
30/09/2018 17:11:36 INFO action: 0
30/09/2018 17:11:36 INFO pi : [0.32       0.13333333 0.08       0.10666667 0.12       0.13333333
 0.10666667]
30/09/2018 17:11:36 INFO MCTS perceived value for X: 0.18
30/09/2018 17:11:36 INFO NN perceived value for X: -0.07
30/09/2018 17:11:36 INFO ==========
30/09/2018 17:11:36 INFO 
-------
-------
XOX----
XXO----
XXO---O
OXOOXOX
30/09/2018 17:11:36 INFO CHAMPION
30/09/2018 17:11:36 INFO action: 0
30/09/2018 17:11:36 INFO pi : [0.75342466 0.04109589 0.04109589 0.04109589 0.04109589 0.04109589
 0.04109589]
30/09/2018 17:11:36 INFO MCTS perceived value for O: 0.15
30/09/2018 17:11:36 INFO NN perceived value for O: 0.11
30/09/2018 17:11:36 INFO ==========
30/09/2018 17:11:36 INFO 
-------
O------
XOX----
XXO----
XXO---O
OXOOXOX
30/09/2018 17:11:36 INFO CHAMPION
30/09/2018 17:11:36 INFO action: 1
30/09/2018 17:11:36 INFO pi : [0.08653846 0.10576923 0.09615385 0.40384615 0.09615385 0.10576923
 0.10576923]
30/09/2018 17:11:36 INFO MCTS perceived value for X: -0.42
30/09/2018 17:11:36 INFO NN perceived value for X: -0.07
30/09/2018 17:11:36 INFO ==========
30/09/2018 17:11:36 INFO 
-------
OX-----
XOX----
XXO----
XXO---O
OXOOXOX
30/09/2018 17:11:36 INFO CHAMPION
30/09/2018 17:11:36 INFO action: 1
30/09/2018 17:11:36 INFO pi : [0.03333333 0.03333333 0.03333333 0.8        0.03333333 0.03333333
 0.03333333]
30/09/2018 17:11:36 INFO MCTS perceived value for O: 0.08
30/09/2018 17:11:36 INFO NN perceived value for O: 0.09
30/09/2018 17:11:36 INFO ==========
30/09/2018 17:11:36 INFO 
-O-----
OX-----
XOX----
XXO----
XXO---O
OXOOXOX
30/09/2018 17:11:37 INFO CHAMPION
30/09/2018 17:11:37 INFO action: 3
30/09/2018 17:11:37 INFO pi : [0.1372549  0.         0.15686275 0.23529412 0.15686275 0.15686275
 0.15686275]
30/09/2018 17:11:37 INFO MCTS perceived value for X: -0.08
30/09/2018 17:11:37 INFO NN perceived value for X: -0.07
30/09/2018 17:11:37 INFO ==========
30/09/2018 17:11:37 INFO 
-O-----
OX-----
XOX----
XXO----
XXOX--O
OXOOXOX
30/09/2018 17:11:37 INFO CHAMPION
30/09/2018 17:11:37 INFO action: 3
30/09/2018 17:11:37 INFO pi : [0.16393443 0.         0.16393443 0.19672131 0.16393443 0.14754098
 0.16393443]
30/09/2018 17:11:37 INFO MCTS perceived value for O: 0.08
30/09/2018 17:11:37 INFO NN perceived value for O: 0.08
30/09/2018 17:11:37 INFO ==========
30/09/2018 17:11:37 INFO 
-O-----
OX-----
XOX----
XXOO---
XXOX--O
OXOOXOX
30/09/2018 17:11:37 INFO CHAMPION
30/09/2018 17:11:37 INFO action: 5
30/09/2018 17:11:37 INFO pi : [0.13114754 0.         0.19672131 0.13114754 0.16393443 0.2295082
 0.14754098]
30/09/2018 17:11:37 INFO MCTS perceived value for X: -0.08
30/09/2018 17:11:37 INFO NN perceived value for X: -0.08
30/09/2018 17:11:37 INFO ==========
30/09/2018 17:11:37 INFO 
-O-----
OX-----
XOX----
XXOO---
XXOX-XO
OXOOXOX
30/09/2018 17:11:37 INFO CHAMPION
30/09/2018 17:11:37 INFO action: 4
30/09/2018 17:11:37 INFO pi : [0.17460317 0.         0.15873016 0.0952381  0.22222222 0.14285714
 0.20634921]
30/09/2018 17:11:37 INFO MCTS perceived value for O: 0.09
30/09/2018 17:11:37 INFO NN perceived value for O: 0.09
30/09/2018 17:11:37 INFO ==========
30/09/2018 17:11:37 INFO 
-O-----
OX-----
XOX----
XXOO---
XXOXOXO
OXOOXOX
30/09/2018 17:11:37 INFO CHAMPION
30/09/2018 17:11:37 INFO action: 3
30/09/2018 17:11:37 INFO pi : [0.14285714 0.         0.17460317 0.22222222 0.15873016 0.17460317
 0.12698413]
30/09/2018 17:11:37 INFO MCTS perceived value for X: -0.09
30/09/2018 17:11:37 INFO NN perceived value for X: -0.1
30/09/2018 17:11:37 INFO ==========
30/09/2018 17:11:37 INFO 
-O-----
OX-----
XOXX---
XXOO---
XXOXOXO
OXOOXOX
30/09/2018 17:11:37 INFO CHAMPION
30/09/2018 17:11:37 INFO action: 6
30/09/2018 17:11:37 INFO pi : [0.15873016 0.         0.15873016 0.17460317 0.15873016 0.17460317
 0.17460317]
30/09/2018 17:11:37 INFO MCTS perceived value for O: -0.6
30/09/2018 17:11:37 INFO NN perceived value for O: 0.07
30/09/2018 17:11:37 INFO ==========
30/09/2018 17:11:37 INFO 
-O-----
OX-----
XOXX---
XXOO--O
XXOXOXO
OXOOXOX
30/09/2018 17:11:37 INFO CHAMPION
30/09/2018 17:11:37 INFO action: 3
30/09/2018 17:11:37 INFO pi : [0.03333333 0.         0.03333333 0.43333333 0.43333333 0.03333333
 0.03333333]
30/09/2018 17:11:37 INFO MCTS perceived value for X: 1.0
30/09/2018 17:11:37 INFO NN perceived value for X: -0.09
30/09/2018 17:11:37 INFO ==========
30/09/2018 17:11:37 INFO 
-O-----
OX-X---
XOXX---
XXOO--O
XXOXOXO
OXOOXOX
30/09/2018 17:11:37 INFO GAME : 1, VALUE: -1, NAME : -1
30/09/2018 17:11:37 INFO XX WINS!
30/09/2018 17:11:37 INFO SP {'X': 1, 'O': 1}
30/09/2018 17:11:37 INFO ==========
30/09/2018 17:11:37 INFO game 3 of 10
30/09/2018 17:11:37 INFO ==========
30/09/2018 17:11:37 INFO CHAMPION play as X
30/09/2018 17:11:37 INFO CHAMPION play as O
30/09/2018 17:11:37 INFO --------------------------------------------------
30/09/2018 17:11:37 INFO 
-------
-------
-------
-------
-------
-------
30/09/2018 17:11:37 INFO CHAMPION
30/09/2018 17:11:37 INFO action: 3
30/09/2018 17:11:37 INFO pi : [0.14285714 0.16326531 0.08163265 0.18367347 0.10204082 0.16326531
 0.16326531]
30/09/2018 17:11:37 INFO MCTS perceived value for X: -0.08
30/09/2018 17:11:37 INFO NN perceived value for X: -0.07
30/09/2018 17:11:37 INFO ==========
30/09/2018 17:11:37 INFO 
-------
-------
-------
-------
-------
---X---
30/09/2018 17:11:37 INFO CHAMPION
30/09/2018 17:11:37 INFO action: 0
30/09/2018 17:11:37 INFO pi : [0.17241379 0.17241379 0.15517241 0.12068966 0.12068966 0.12068966
 0.13793103]
30/09/2018 17:11:37 INFO MCTS perceived value for O: 0.09
30/09/2018 17:11:37 INFO NN perceived value for O: 0.08
30/09/2018 17:11:37 INFO ==========
30/09/2018 17:11:37 INFO 
-------
-------
-------
-------
-------
O--X---
30/09/2018 17:11:37 INFO CHAMPION
30/09/2018 17:11:37 INFO action: 1
30/09/2018 17:11:37 INFO pi : [0.16949153 0.11864407 0.16949153 0.11864407 0.13559322 0.13559322
 0.15254237]
30/09/2018 17:11:37 INFO MCTS perceived value for X: -0.09
30/09/2018 17:11:37 INFO NN perceived value for X: -0.1
30/09/2018 17:11:37 INFO ==========
30/09/2018 17:11:37 INFO 
-------
-------
-------
-------
-------
OX-X---
30/09/2018 17:11:37 INFO CHAMPION
30/09/2018 17:11:37 INFO action: 6
30/09/2018 17:11:37 INFO pi : [0.10714286 0.17857143 0.10714286 0.17857143 0.14285714 0.08928571
 0.19642857]
30/09/2018 17:11:37 INFO MCTS perceived value for O: 0.1
30/09/2018 17:11:37 INFO NN perceived value for O: 0.08
30/09/2018 17:11:37 INFO ==========
30/09/2018 17:11:37 INFO 
-------
-------
-------
-------
-------
OX-X--O
30/09/2018 17:11:37 INFO CHAMPION
30/09/2018 17:11:37 INFO action: 6
30/09/2018 17:11:37 INFO pi : [0.16666667 0.1        0.1        0.15       0.15       0.15
 0.18333333]
30/09/2018 17:11:37 INFO MCTS perceived value for X: -0.09
30/09/2018 17:11:37 INFO NN perceived value for X: -0.1
30/09/2018 17:11:37 INFO ==========
30/09/2018 17:11:37 INFO 
-------
-------
-------
-------
------X
OX-X--O
30/09/2018 17:11:37 INFO CHAMPION
30/09/2018 17:11:37 INFO action: 6
30/09/2018 17:11:37 INFO pi : [0.15       0.15       0.15       0.15       0.15       0.11666667
 0.13333333]
30/09/2018 17:11:37 INFO MCTS perceived value for O: 0.1
30/09/2018 17:11:37 INFO NN perceived value for O: 0.08
30/09/2018 17:11:37 INFO ==========
30/09/2018 17:11:37 INFO 
-------
-------
-------
------O
------X
OX-X--O
30/09/2018 17:11:37 INFO CHAMPION
30/09/2018 17:11:37 INFO action: 1
30/09/2018 17:11:37 INFO pi : [0.0877193  0.1754386  0.14035088 0.12280702 0.24561404 0.0877193
 0.14035088]
30/09/2018 17:11:37 INFO MCTS perceived value for X: -0.09
30/09/2018 17:11:37 INFO NN perceived value for X: -0.09
30/09/2018 17:11:37 INFO ==========
30/09/2018 17:11:37 INFO 
-------
-------
-------
------O
-X----X
OX-X--O
30/09/2018 17:11:37 INFO CHAMPION
30/09/2018 17:11:37 INFO action: 4
30/09/2018 17:11:37 INFO pi : [0.16949153 0.18644068 0.13559322 0.11864407 0.08474576 0.10169492
 0.20338983]
30/09/2018 17:11:37 INFO MCTS perceived value for O: 0.1
30/09/2018 17:11:37 INFO NN perceived value for O: 0.09
30/09/2018 17:11:37 INFO ==========
30/09/2018 17:11:37 INFO 
-------
-------
-------
------O
-X----X
OX-XO-O
30/09/2018 17:11:37 INFO CHAMPION
30/09/2018 17:11:37 INFO action: 3
30/09/2018 17:11:37 INFO pi : [0.14814815 0.11111111 0.16666667 0.12962963 0.12962963 0.16666667
 0.14814815]
30/09/2018 17:11:37 INFO MCTS perceived value for X: -0.09
30/09/2018 17:11:37 INFO NN perceived value for X: -0.09
30/09/2018 17:11:37 INFO ==========
30/09/2018 17:11:37 INFO 
-------
-------
-------
------O
-X-X--X
OX-XO-O
30/09/2018 17:11:37 INFO CHAMPION
30/09/2018 17:11:37 INFO action: 4
30/09/2018 17:11:37 INFO pi : [0.19642857 0.14285714 0.14285714 0.10714286 0.16071429 0.08928571
 0.16071429]
30/09/2018 17:11:37 INFO MCTS perceived value for O: 0.09
30/09/2018 17:11:37 INFO NN perceived value for O: 0.1
30/09/2018 17:11:37 INFO ==========
30/09/2018 17:11:37 INFO 
-------
-------
-------
------O
-X-XO-X
OX-XO-O
30/09/2018 17:11:38 INFO CHAMPION
30/09/2018 17:11:38 INFO action: 4
30/09/2018 17:11:38 INFO pi : [0.12068966 0.13793103 0.13793103 0.13793103 0.15517241 0.10344828
 0.20689655]
30/09/2018 17:11:38 INFO MCTS perceived value for X: -0.09
30/09/2018 17:11:38 INFO NN perceived value for X: -0.1
30/09/2018 17:11:38 INFO ==========
30/09/2018 17:11:38 INFO 
-------
-------
-------
----X-O
-X-XO-X
OX-XO-O
30/09/2018 17:11:38 INFO CHAMPION
30/09/2018 17:11:38 INFO action: 5
30/09/2018 17:11:38 INFO pi : [0.20689655 0.13793103 0.12068966 0.15517241 0.12068966 0.13793103
 0.12068966]
30/09/2018 17:11:38 INFO MCTS perceived value for O: 0.08
30/09/2018 17:11:38 INFO NN perceived value for O: 0.09
30/09/2018 17:11:38 INFO ==========
30/09/2018 17:11:38 INFO 
-------
-------
-------
----X-O
-X-XO-X
OX-XOOO
30/09/2018 17:11:38 INFO CHAMPION
30/09/2018 17:11:38 INFO action: 4
30/09/2018 17:11:38 INFO pi : [0.14035088 0.1754386  0.21052632 0.12280702 0.14035088 0.0877193
 0.12280702]
30/09/2018 17:11:38 INFO MCTS perceived value for X: -0.08
30/09/2018 17:11:38 INFO NN perceived value for X: -0.06
30/09/2018 17:11:38 INFO ==========
30/09/2018 17:11:38 INFO 
-------
-------
----X--
----X-O
-X-XO-X
OX-XOOO
30/09/2018 17:11:38 INFO CHAMPION
30/09/2018 17:11:38 INFO action: 5
30/09/2018 17:11:38 INFO pi : [0.14035088 0.0877193  0.10526316 0.1754386  0.12280702 0.19298246
 0.1754386 ]
30/09/2018 17:11:38 INFO MCTS perceived value for O: 0.07
30/09/2018 17:11:38 INFO NN perceived value for O: 0.08
30/09/2018 17:11:38 INFO ==========
30/09/2018 17:11:38 INFO 
-------
-------
----X--
----X-O
-X-XOOX
OX-XOOO
30/09/2018 17:11:38 INFO CHAMPION
30/09/2018 17:11:38 INFO action: 6
30/09/2018 17:11:38 INFO pi : [0.16666667 0.13333333 0.15       0.13333333 0.13333333 0.08333333
 0.2       ]
30/09/2018 17:11:38 INFO MCTS perceived value for X: -0.08
30/09/2018 17:11:38 INFO NN perceived value for X: -0.05
30/09/2018 17:11:38 INFO ==========
30/09/2018 17:11:38 INFO 
-------
-------
----X-X
----X-O
-X-XOOX
OX-XOOO
30/09/2018 17:11:38 INFO CHAMPION
30/09/2018 17:11:38 INFO action: 6
30/09/2018 17:11:38 INFO pi : [0.1147541  0.14754098 0.21311475 0.09836066 0.13114754 0.16393443
 0.13114754]
30/09/2018 17:11:38 INFO MCTS perceived value for O: 0.07
30/09/2018 17:11:38 INFO NN perceived value for O: 0.09
30/09/2018 17:11:38 INFO ==========
30/09/2018 17:11:38 INFO 
-------
------O
----X-X
----X-O
-X-XOOX
OX-XOOO
30/09/2018 17:11:38 INFO CHAMPION
30/09/2018 17:11:38 INFO action: 4
30/09/2018 17:11:38 INFO pi : [0.15789474 0.15789474 0.15789474 0.1754386  0.1754386  0.10526316
 0.07017544]
30/09/2018 17:11:38 INFO MCTS perceived value for X: -0.09
30/09/2018 17:11:38 INFO NN perceived value for X: -0.08
30/09/2018 17:11:38 INFO ==========
30/09/2018 17:11:38 INFO 
-------
----X-O
----X-X
----X-O
-X-XOOX
OX-XOOO
30/09/2018 17:11:38 INFO CHAMPION
30/09/2018 17:11:38 INFO action: 4
30/09/2018 17:11:38 INFO pi : [0.11864407 0.13559322 0.11864407 0.11864407 0.28813559 0.11864407
 0.10169492]
30/09/2018 17:11:38 INFO MCTS perceived value for O: 0.08
30/09/2018 17:11:38 INFO NN perceived value for O: 0.1
30/09/2018 17:11:38 INFO ==========
30/09/2018 17:11:38 INFO 
----O--
----X-O
----X-X
----X-O
-X-XOOX
OX-XOOO
30/09/2018 17:11:38 INFO CHAMPION
30/09/2018 17:11:38 INFO action: 0
30/09/2018 17:11:38 INFO pi : [0.16666667 0.13636364 0.10606061 0.1969697  0.         0.21212121
 0.18181818]
30/09/2018 17:11:38 INFO MCTS perceived value for X: -0.09
30/09/2018 17:11:38 INFO NN perceived value for X: -0.08
30/09/2018 17:11:38 INFO ==========
30/09/2018 17:11:38 INFO 
----O--
----X-O
----X-X
----X-O
XX-XOOX
OX-XOOO
30/09/2018 17:11:38 INFO CHAMPION
30/09/2018 17:11:38 INFO action: 3
30/09/2018 17:11:38 INFO pi : [0.16666667 0.13333333 0.11666667 0.2        0.         0.21666667
 0.16666667]
30/09/2018 17:11:38 INFO MCTS perceived value for O: 0.09
30/09/2018 17:11:38 INFO NN perceived value for O: 0.08
30/09/2018 17:11:38 INFO ==========
30/09/2018 17:11:38 INFO 
----O--
----X-O
----X-X
---OX-O
XX-XOOX
OX-XOOO
30/09/2018 17:11:38 INFO CHAMPION
30/09/2018 17:11:38 INFO action: 6
30/09/2018 17:11:38 INFO pi : [0.21311475 0.16393443 0.14754098 0.1147541  0.         0.13114754
 0.2295082 ]
30/09/2018 17:11:38 INFO MCTS perceived value for X: -0.08
30/09/2018 17:11:38 INFO NN perceived value for X: -0.08
30/09/2018 17:11:38 INFO ==========
30/09/2018 17:11:38 INFO 
----O-X
----X-O
----X-X
---OX-O
XX-XOOX
OX-XOOO
30/09/2018 17:11:38 INFO CHAMPION
30/09/2018 17:11:38 INFO action: 0
30/09/2018 17:11:38 INFO pi : [0.265625 0.203125 0.09375  0.21875  0.       0.21875  0.      ]
30/09/2018 17:11:38 INFO MCTS perceived value for O: 0.02
30/09/2018 17:11:38 INFO NN perceived value for O: 0.08
30/09/2018 17:11:38 INFO ==========
30/09/2018 17:11:38 INFO 
----O-X
----X-O
----X-X
O--OX-O
XX-XOOX
OX-XOOO
30/09/2018 17:11:38 INFO CHAMPION
30/09/2018 17:11:38 INFO action: 2
30/09/2018 17:11:38 INFO pi : [0.18181818 0.22727273 0.25757576 0.18181818 0.         0.15151515
 0.        ]
30/09/2018 17:11:38 INFO MCTS perceived value for X: 0.11
30/09/2018 17:11:38 INFO NN perceived value for X: -0.08
30/09/2018 17:11:38 INFO ==========
30/09/2018 17:11:38 INFO 
----O-X
----X-O
----X-X
O--OX-O
XX-XOOX
OXXXOOO
30/09/2018 17:11:38 INFO CHAMPION
30/09/2018 17:11:38 INFO action: 2
30/09/2018 17:11:38 INFO pi : [0.10606061 0.06060606 0.74242424 0.06060606 0.         0.03030303
 0.        ]
30/09/2018 17:11:38 INFO MCTS perceived value for O: 0.1
30/09/2018 17:11:38 INFO NN perceived value for O: 0.08
30/09/2018 17:11:38 INFO ==========
30/09/2018 17:11:38 INFO 
----O-X
----X-O
----X-X
O--OX-O
XXOXOOX
OXXXOOO
30/09/2018 17:11:38 INFO CHAMPION
30/09/2018 17:11:38 INFO action: 1
30/09/2018 17:11:38 INFO pi : [0.18367347 0.2755102  0.08163265 0.19387755 0.         0.26530612
 0.        ]
30/09/2018 17:11:38 INFO MCTS perceived value for X: 0.08
30/09/2018 17:11:38 INFO NN perceived value for X: -0.08
30/09/2018 17:11:38 INFO ==========
30/09/2018 17:11:38 INFO 
----O-X
----X-O
----X-X
OX-OX-O
XXOXOOX
OXXXOOO
30/09/2018 17:11:38 INFO CHAMPION
30/09/2018 17:11:38 INFO action: 1
30/09/2018 17:11:38 INFO pi : [0.07894737 0.71052632 0.07894737 0.07894737 0.         0.05263158
 0.        ]
30/09/2018 17:11:38 INFO MCTS perceived value for O: 0.09
30/09/2018 17:11:38 INFO NN perceived value for O: 0.07
30/09/2018 17:11:38 INFO ==========
30/09/2018 17:11:38 INFO 
----O-X
----X-O
-O--X-X
OX-OX-O
XXOXOOX
OXXXOOO
30/09/2018 17:11:39 INFO CHAMPION
30/09/2018 17:11:39 INFO action: 5
30/09/2018 17:11:39 INFO pi : [0.18446602 0.2038835  0.0776699  0.18446602 0.         0.34951456
 0.        ]
30/09/2018 17:11:39 INFO MCTS perceived value for X: 0.05
30/09/2018 17:11:39 INFO NN perceived value for X: -0.07
30/09/2018 17:11:39 INFO ==========
30/09/2018 17:11:39 INFO 
----O-X
----X-O
-O--X-X
OX-OXXO
XXOXOOX
OXXXOOO
30/09/2018 17:11:39 INFO CHAMPION
30/09/2018 17:11:39 INFO action: 5
30/09/2018 17:11:39 INFO pi : [0.05882353 0.05882353 0.04705882 0.05882353 0.         0.77647059
 0.        ]
30/09/2018 17:11:39 INFO MCTS perceived value for O: 0.09
30/09/2018 17:11:39 INFO NN perceived value for O: 0.08
30/09/2018 17:11:39 INFO ==========
30/09/2018 17:11:39 INFO 
----O-X
----X-O
-O--XOX
OX-OXXO
XXOXOOX
OXXXOOO
30/09/2018 17:11:39 INFO CHAMPION
30/09/2018 17:11:39 INFO action: 3
30/09/2018 17:11:39 INFO pi : [0.13913043 0.19130435 0.07826087 0.39130435 0.         0.2
 0.        ]
30/09/2018 17:11:39 INFO MCTS perceived value for X: 0.47
30/09/2018 17:11:39 INFO NN perceived value for X: -0.08
30/09/2018 17:11:39 INFO ==========
30/09/2018 17:11:39 INFO 
----O-X
----X-O
-O-XXOX
OX-OXXO
XXOXOOX
OXXXOOO
30/09/2018 17:11:39 INFO CHAMPION
30/09/2018 17:11:39 INFO action: 3
30/09/2018 17:11:39 INFO pi : [0.17021277 0.21276596 0.21276596 0.23404255 0.         0.17021277
 0.        ]
30/09/2018 17:11:39 INFO MCTS perceived value for O: -0.75
30/09/2018 17:11:39 INFO NN perceived value for O: 0.07
30/09/2018 17:11:39 INFO ==========
30/09/2018 17:11:39 INFO 
----O-X
---OX-O
-O-XXOX
OX-OXXO
XXOXOOX
OXXXOOO
30/09/2018 17:11:39 INFO CHAMPION
30/09/2018 17:11:39 INFO action: 2
30/09/2018 17:11:39 INFO pi : [0.02816901 0.01408451 0.90140845 0.02816901 0.         0.02816901
 0.        ]
30/09/2018 17:11:39 INFO MCTS perceived value for X: 1.0
30/09/2018 17:11:39 INFO NN perceived value for X: -0.08
30/09/2018 17:11:39 INFO ==========
30/09/2018 17:11:39 INFO 
----O-X
---OX-O
-O-XXOX
OXXOXXO
XXOXOOX
OXXXOOO
30/09/2018 17:11:39 INFO GAME : 0, VALUE: -1, NAME : -1
30/09/2018 17:11:39 INFO O WINS!
30/09/2018 17:11:39 INFO SP {'X': 1, 'O': 2}
30/09/2018 17:11:39 INFO ==========
30/09/2018 17:11:39 INFO game 4 of 10
30/09/2018 17:11:39 INFO ==========
30/09/2018 17:11:39 INFO CHAMPION play as X
30/09/2018 17:11:39 INFO CHAMPION play as O
30/09/2018 17:11:39 INFO --------------------------------------------------
30/09/2018 17:11:39 INFO 
-------
-------
-------
-------
-------
-------
30/09/2018 17:11:39 INFO CHAMPION
30/09/2018 17:11:39 INFO action: 6
30/09/2018 17:11:39 INFO pi : [0.12244898 0.14285714 0.08163265 0.14285714 0.14285714 0.14285714
 0.2244898 ]
30/09/2018 17:11:39 INFO MCTS perceived value for X: -0.08
30/09/2018 17:11:39 INFO NN perceived value for X: -0.09
30/09/2018 17:11:39 INFO ==========
30/09/2018 17:11:39 INFO 
-------
-------
-------
-------
-------
------X
30/09/2018 17:11:39 INFO CHAMPION
30/09/2018 17:11:39 INFO action: 1
30/09/2018 17:11:39 INFO pi : [0.13333333 0.13333333 0.13333333 0.15       0.16666667 0.15
 0.13333333]
30/09/2018 17:11:39 INFO MCTS perceived value for O: 0.07
30/09/2018 17:11:39 INFO NN perceived value for O: 0.07
30/09/2018 17:11:39 INFO ==========
30/09/2018 17:11:39 INFO 
-------
-------
-------
-------
-------
-O----X
30/09/2018 17:11:39 INFO CHAMPION
30/09/2018 17:11:39 INFO action: 1
30/09/2018 17:11:39 INFO pi : [0.15789474 0.12280702 0.12280702 0.14035088 0.14035088 0.19298246
 0.12280702]
30/09/2018 17:11:39 INFO MCTS perceived value for X: -0.07
30/09/2018 17:11:39 INFO NN perceived value for X: -0.08
30/09/2018 17:11:39 INFO ==========
30/09/2018 17:11:39 INFO 
-------
-------
-------
-------
-X-----
-O----X
30/09/2018 17:11:39 INFO CHAMPION
30/09/2018 17:11:39 INFO action: 1
30/09/2018 17:11:39 INFO pi : [0.10714286 0.17857143 0.17857143 0.14285714 0.10714286 0.17857143
 0.10714286]
30/09/2018 17:11:39 INFO MCTS perceived value for O: 0.07
30/09/2018 17:11:39 INFO NN perceived value for O: 0.06
30/09/2018 17:11:39 INFO ==========
30/09/2018 17:11:39 INFO 
-------
-------
-------
-O-----
-X-----
-O----X
30/09/2018 17:11:39 INFO CHAMPION
30/09/2018 17:11:39 INFO action: 3
30/09/2018 17:11:39 INFO pi : [0.10169492 0.13559322 0.18644068 0.13559322 0.13559322 0.11864407
 0.18644068]
30/09/2018 17:11:39 INFO MCTS perceived value for X: -0.07
30/09/2018 17:11:39 INFO NN perceived value for X: -0.06
30/09/2018 17:11:39 INFO ==========
30/09/2018 17:11:39 INFO 
-------
-------
-------
-O-----
-X-----
-O-X--X
30/09/2018 17:11:39 INFO CHAMPION
30/09/2018 17:11:39 INFO action: 1
30/09/2018 17:11:39 INFO pi : [0.14035088 0.15789474 0.0877193  0.15789474 0.12280702 0.1754386
 0.15789474]
30/09/2018 17:11:39 INFO MCTS perceived value for O: 0.07
30/09/2018 17:11:39 INFO NN perceived value for O: 0.08
30/09/2018 17:11:39 INFO ==========
30/09/2018 17:11:39 INFO 
-------
-------
-O-----
-O-----
-X-----
-O-X--X
30/09/2018 17:11:39 INFO CHAMPION
30/09/2018 17:11:39 INFO action: 1
30/09/2018 17:11:39 INFO pi : [0.13793103 0.10344828 0.13793103 0.12068966 0.17241379 0.12068966
 0.20689655]
30/09/2018 17:11:39 INFO MCTS perceived value for X: -0.06
30/09/2018 17:11:39 INFO NN perceived value for X: -0.08
30/09/2018 17:11:39 INFO ==========
30/09/2018 17:11:39 INFO 
-------
-X-----
-O-----
-O-----
-X-----
-O-X--X
30/09/2018 17:11:39 INFO CHAMPION
30/09/2018 17:11:39 INFO action: 2
30/09/2018 17:11:39 INFO pi : [0.18181818 0.10909091 0.12727273 0.14545455 0.09090909 0.16363636
 0.18181818]
30/09/2018 17:11:39 INFO MCTS perceived value for O: 0.08
30/09/2018 17:11:39 INFO NN perceived value for O: 0.07
30/09/2018 17:11:39 INFO ==========
30/09/2018 17:11:39 INFO 
-------
-X-----
-O-----
-O-----
-X-----
-OOX--X
30/09/2018 17:11:39 INFO CHAMPION
30/09/2018 17:11:39 INFO action: 1
30/09/2018 17:11:39 INFO pi : [0.21428571 0.08928571 0.17857143 0.08928571 0.125      0.16071429
 0.14285714]
30/09/2018 17:11:39 INFO MCTS perceived value for X: -0.07
30/09/2018 17:11:39 INFO NN perceived value for X: -0.07
30/09/2018 17:11:39 INFO ==========
30/09/2018 17:11:39 INFO 
-X-----
-X-----
-O-----
-O-----
-X-----
-OOX--X
30/09/2018 17:11:39 INFO CHAMPION
30/09/2018 17:11:39 INFO action: 3
30/09/2018 17:11:39 INFO pi : [0.16666667 0.         0.18518519 0.14814815 0.14814815 0.16666667
 0.18518519]
30/09/2018 17:11:39 INFO MCTS perceived value for O: 0.07
30/09/2018 17:11:39 INFO NN perceived value for O: 0.08
30/09/2018 17:11:39 INFO ==========
30/09/2018 17:11:39 INFO 
-X-----
-X-----
-O-----
-O-----
-X-O---
-OOX--X
30/09/2018 17:11:39 INFO CHAMPION
30/09/2018 17:11:39 INFO action: 3
30/09/2018 17:11:39 INFO pi : [0.10526316 0.         0.21052632 0.1754386  0.14035088 0.19298246
 0.1754386 ]
30/09/2018 17:11:39 INFO MCTS perceived value for X: -0.07
30/09/2018 17:11:39 INFO NN perceived value for X: -0.07
30/09/2018 17:11:39 INFO ==========
30/09/2018 17:11:39 INFO 
-X-----
-X-----
-O-----
-O-X---
-X-O---
-OOX--X
30/09/2018 17:11:39 INFO CHAMPION
30/09/2018 17:11:39 INFO action: 2
30/09/2018 17:11:39 INFO pi : [0.22033898 0.         0.15254237 0.16949153 0.15254237 0.13559322
 0.16949153]
30/09/2018 17:11:39 INFO MCTS perceived value for O: 0.07
30/09/2018 17:11:39 INFO NN perceived value for O: 0.07
30/09/2018 17:11:39 INFO ==========
30/09/2018 17:11:39 INFO 
-X-----
-X-----
-O-----
-O-X---
-XOO---
-OOX--X
30/09/2018 17:11:40 INFO CHAMPION
30/09/2018 17:11:40 INFO action: 6
30/09/2018 17:11:40 INFO pi : [0.13793103 0.         0.12068966 0.24137931 0.20689655 0.17241379
 0.12068966]
30/09/2018 17:11:40 INFO MCTS perceived value for X: -0.09
30/09/2018 17:11:40 INFO NN perceived value for X: -0.07
30/09/2018 17:11:40 INFO ==========
30/09/2018 17:11:40 INFO 
-X-----
-X-----
-O-----
-O-X---
-XOO--X
-OOX--X
30/09/2018 17:11:40 INFO CHAMPION
30/09/2018 17:11:40 INFO action: 5
30/09/2018 17:11:40 INFO pi : [0.21428571 0.         0.10714286 0.21428571 0.14285714 0.14285714
 0.17857143]
30/09/2018 17:11:40 INFO MCTS perceived value for O: 0.06
30/09/2018 17:11:40 INFO NN perceived value for O: 0.1
30/09/2018 17:11:40 INFO ==========
30/09/2018 17:11:40 INFO 
-X-----
-X-----
-O-----
-O-X---
-XOO--X
-OOX-OX
30/09/2018 17:11:40 INFO CHAMPION
30/09/2018 17:11:40 INFO action: 5
30/09/2018 17:11:40 INFO pi : [0.12280702 0.         0.21052632 0.12280702 0.19298246 0.19298246
 0.15789474]
30/09/2018 17:11:40 INFO MCTS perceived value for X: -0.07
30/09/2018 17:11:40 INFO NN perceived value for X: -0.07
30/09/2018 17:11:40 INFO ==========
30/09/2018 17:11:40 INFO 
-X-----
-X-----
-O-----
-O-X---
-XOO-XX
-OOX-OX
30/09/2018 17:11:40 INFO CHAMPION
30/09/2018 17:11:40 INFO action: 0
30/09/2018 17:11:40 INFO pi : [0.2        0.         0.2        0.13333333 0.13333333 0.16666667
 0.16666667]
30/09/2018 17:11:40 INFO MCTS perceived value for O: 0.08
30/09/2018 17:11:40 INFO NN perceived value for O: 0.08
30/09/2018 17:11:40 INFO ==========
30/09/2018 17:11:40 INFO 
-X-----
-X-----
-O-----
-O-X---
-XOO-XX
OOOX-OX
30/09/2018 17:11:40 INFO CHAMPION
30/09/2018 17:11:40 INFO action: 3
30/09/2018 17:11:40 INFO pi : [0.18032787 0.         0.24590164 0.1147541  0.18032787 0.1147541
 0.16393443]
30/09/2018 17:11:40 INFO MCTS perceived value for X: -0.07
30/09/2018 17:11:40 INFO NN perceived value for X: -0.08
30/09/2018 17:11:40 INFO ==========
30/09/2018 17:11:40 INFO 
-X-----
-X-----
-O-X---
-O-X---
-XOO-XX
OOOX-OX
30/09/2018 17:11:40 INFO CHAMPION
30/09/2018 17:11:40 INFO action: 0
30/09/2018 17:11:40 INFO pi : [0.14285714 0.         0.19642857 0.16071429 0.14285714 0.17857143
 0.17857143]
30/09/2018 17:11:40 INFO MCTS perceived value for O: 0.09
30/09/2018 17:11:40 INFO NN perceived value for O: 0.06
30/09/2018 17:11:40 INFO ==========
30/09/2018 17:11:40 INFO 
-X-----
-X-----
-O-X---
-O-X---
OXOO-XX
OOOX-OX
30/09/2018 17:11:40 INFO CHAMPION
30/09/2018 17:11:40 INFO action: 2
30/09/2018 17:11:40 INFO pi : [0.15789474 0.         0.15789474 0.14035088 0.19298246 0.1754386
 0.1754386 ]
30/09/2018 17:11:40 INFO MCTS perceived value for X: -0.08
30/09/2018 17:11:40 INFO NN perceived value for X: -0.08
30/09/2018 17:11:40 INFO ==========
30/09/2018 17:11:40 INFO 
-X-----
-X-----
-O-X---
-OXX---
OXOO-XX
OOOX-OX
30/09/2018 17:11:40 INFO CHAMPION
30/09/2018 17:11:40 INFO action: 0
30/09/2018 17:11:40 INFO pi : [0.36206897 0.         0.15517241 0.12068966 0.12068966 0.13793103
 0.10344828]
30/09/2018 17:11:40 INFO MCTS perceived value for O: 0.3
30/09/2018 17:11:40 INFO NN perceived value for O: 0.07
30/09/2018 17:11:40 INFO ==========
30/09/2018 17:11:40 INFO 
-X-----
-X-----
-O-X---
OOXX---
OXOO-XX
OOOX-OX
30/09/2018 17:11:40 INFO CHAMPION
30/09/2018 17:11:40 INFO action: 0
30/09/2018 17:11:40 INFO pi : [0.71428571 0.         0.05714286 0.05714286 0.05714286 0.05714286
 0.05714286]
30/09/2018 17:11:40 INFO MCTS perceived value for X: -0.09
30/09/2018 17:11:40 INFO NN perceived value for X: -0.1
30/09/2018 17:11:40 INFO ==========
30/09/2018 17:11:40 INFO 
-X-----
-X-----
XO-X---
OOXX---
OXOO-XX
OOOX-OX
30/09/2018 17:11:40 INFO CHAMPION
30/09/2018 17:11:40 INFO action: 4
30/09/2018 17:11:40 INFO pi : [0.17171717 0.         0.15151515 0.17171717 0.2020202  0.16161616
 0.14141414]
30/09/2018 17:11:40 INFO MCTS perceived value for O: 0.08
30/09/2018 17:11:40 INFO NN perceived value for O: 0.06
30/09/2018 17:11:40 INFO ==========
30/09/2018 17:11:40 INFO 
-X-----
-X-----
XO-X---
OOXX---
OXOO-XX
OOOXOOX
30/09/2018 17:11:40 INFO CHAMPION
30/09/2018 17:11:40 INFO action: 2
30/09/2018 17:11:40 INFO pi : [0.20289855 0.         0.23188406 0.1884058  0.15942029 0.10144928
 0.11594203]
30/09/2018 17:11:40 INFO MCTS perceived value for X: -0.02
30/09/2018 17:11:40 INFO NN perceived value for X: -0.11
30/09/2018 17:11:40 INFO ==========
30/09/2018 17:11:40 INFO 
-X-----
-X-----
XOXX---
OOXX---
OXOO-XX
OOOXOOX
30/09/2018 17:11:40 INFO CHAMPION
30/09/2018 17:11:40 INFO action: 5
30/09/2018 17:11:40 INFO pi : [0.10769231 0.         0.18461538 0.18461538 0.15384615 0.2
 0.16923077]
30/09/2018 17:11:40 INFO MCTS perceived value for O: -0.66
30/09/2018 17:11:40 INFO NN perceived value for O: 0.08
30/09/2018 17:11:40 INFO ==========
30/09/2018 17:11:40 INFO 
-X-----
-X-----
XOXX---
OOXX-O-
OXOO-XX
OOOXOOX
30/09/2018 17:11:40 INFO CHAMPION
30/09/2018 17:11:40 INFO action: 4
30/09/2018 17:11:40 INFO pi : [0.03225806 0.         0.03225806 0.03225806 0.83870968 0.03225806
 0.03225806]
30/09/2018 17:11:40 INFO MCTS perceived value for X: 1.0
30/09/2018 17:11:40 INFO NN perceived value for X: -0.1
30/09/2018 17:11:40 INFO ==========
30/09/2018 17:11:40 INFO 
-X-----
-X-----
XOXX---
OOXX-O-
OXOOXXX
OOOXOOX
30/09/2018 17:11:40 INFO GAME : 1, VALUE: -1, NAME : -1
30/09/2018 17:11:40 INFO XX WINS!
30/09/2018 17:11:40 INFO SP {'X': 2, 'O': 2}
30/09/2018 17:11:40 INFO ==========
30/09/2018 17:11:40 INFO game 5 of 10
30/09/2018 17:11:40 INFO ==========
30/09/2018 17:11:40 INFO CHAMPION play as X
30/09/2018 17:11:40 INFO CHAMPION play as O
30/09/2018 17:11:40 INFO --------------------------------------------------
30/09/2018 17:11:40 INFO 
-------
-------
-------
-------
-------
-------
30/09/2018 17:11:40 INFO CHAMPION
30/09/2018 17:11:40 INFO action: 2
30/09/2018 17:11:40 INFO pi : [0.10204082 0.14285714 0.14285714 0.14285714 0.12244898 0.16326531
 0.18367347]
30/09/2018 17:11:40 INFO MCTS perceived value for X: -0.07
30/09/2018 17:11:40 INFO NN perceived value for X: -0.09
30/09/2018 17:11:40 INFO ==========
30/09/2018 17:11:40 INFO 
-------
-------
-------
-------
-------
--X----
30/09/2018 17:11:40 INFO CHAMPION
30/09/2018 17:11:40 INFO action: 5
30/09/2018 17:11:40 INFO pi : [0.125      0.16071429 0.21428571 0.125      0.10714286 0.16071429
 0.10714286]
30/09/2018 17:11:40 INFO MCTS perceived value for O: 0.07
30/09/2018 17:11:40 INFO NN perceived value for O: 0.08
30/09/2018 17:11:40 INFO ==========
30/09/2018 17:11:40 INFO 
-------
-------
-------
-------
-------
--X--O-
30/09/2018 17:11:40 INFO CHAMPION
30/09/2018 17:11:40 INFO action: 0
30/09/2018 17:11:40 INFO pi : [0.13793103 0.17241379 0.13793103 0.15517241 0.0862069  0.13793103
 0.17241379]
30/09/2018 17:11:40 INFO MCTS perceived value for X: -0.07
30/09/2018 17:11:40 INFO NN perceived value for X: -0.06
30/09/2018 17:11:40 INFO ==========
30/09/2018 17:11:40 INFO 
-------
-------
-------
-------
-------
X-X--O-
30/09/2018 17:11:41 INFO CHAMPION
30/09/2018 17:11:41 INFO action: 2
30/09/2018 17:11:41 INFO pi : [0.1754386  0.10526316 0.0877193  0.14035088 0.1754386  0.15789474
 0.15789474]
30/09/2018 17:11:41 INFO MCTS perceived value for O: 0.06
30/09/2018 17:11:41 INFO NN perceived value for O: 0.08
30/09/2018 17:11:41 INFO ==========
30/09/2018 17:11:41 INFO 
-------
-------
-------
-------
--O----
X-X--O-
30/09/2018 17:11:41 INFO CHAMPION
30/09/2018 17:11:41 INFO action: 0
30/09/2018 17:11:41 INFO pi : [0.18518519 0.18518519 0.14814815 0.12962963 0.12962963 0.12962963
 0.09259259]
30/09/2018 17:11:41 INFO MCTS perceived value for X: -0.06
30/09/2018 17:11:41 INFO NN perceived value for X: -0.05
30/09/2018 17:11:41 INFO ==========
30/09/2018 17:11:41 INFO 
-------
-------
-------
-------
X-O----
X-X--O-
30/09/2018 17:11:41 INFO CHAMPION
30/09/2018 17:11:41 INFO action: 0
30/09/2018 17:11:41 INFO pi : [0.16949153 0.13559322 0.16949153 0.13559322 0.08474576 0.15254237
 0.15254237]
30/09/2018 17:11:41 INFO MCTS perceived value for O: 0.06
30/09/2018 17:11:41 INFO NN perceived value for O: 0.08
30/09/2018 17:11:41 INFO ==========
30/09/2018 17:11:41 INFO 
-------
-------
-------
O------
X-O----
X-X--O-
30/09/2018 17:11:41 INFO CHAMPION
30/09/2018 17:11:41 INFO action: 4
30/09/2018 17:11:41 INFO pi : [0.11864407 0.13559322 0.18644068 0.16949153 0.16949153 0.11864407
 0.10169492]
30/09/2018 17:11:41 INFO MCTS perceived value for X: -0.07
30/09/2018 17:11:41 INFO NN perceived value for X: -0.05
30/09/2018 17:11:41 INFO ==========
30/09/2018 17:11:41 INFO 
-------
-------
-------
O------
X-O----
X-X-XO-
30/09/2018 17:11:41 INFO CHAMPION
30/09/2018 17:11:41 INFO action: 5
30/09/2018 17:11:41 INFO pi : [0.16949153 0.10169492 0.15254237 0.11864407 0.22033898 0.15254237
 0.08474576]
30/09/2018 17:11:41 INFO MCTS perceived value for O: 0.04
30/09/2018 17:11:41 INFO NN perceived value for O: 0.09
30/09/2018 17:11:41 INFO ==========
30/09/2018 17:11:41 INFO 
-------
-------
-------
O------
X-O--O-
X-X-XO-
30/09/2018 17:11:41 INFO CHAMPION
30/09/2018 17:11:41 INFO action: 1
30/09/2018 17:11:41 INFO pi : [0.15517241 0.13793103 0.0862069  0.18965517 0.13793103 0.13793103
 0.15517241]
30/09/2018 17:11:41 INFO MCTS perceived value for X: -0.08
30/09/2018 17:11:41 INFO NN perceived value for X: -0.03
30/09/2018 17:11:41 INFO ==========
30/09/2018 17:11:41 INFO 
-------
-------
-------
O------
X-O--O-
XXX-XO-
30/09/2018 17:11:41 INFO CHAMPION
30/09/2018 17:11:41 INFO action: 1
30/09/2018 17:11:41 INFO pi : [0.15789474 0.15789474 0.14035088 0.15789474 0.12280702 0.15789474
 0.10526316]
30/09/2018 17:11:41 INFO MCTS perceived value for O: -0.19
30/09/2018 17:11:41 INFO NN perceived value for O: 0.1
30/09/2018 17:11:41 INFO ==========
30/09/2018 17:11:41 INFO 
-------
-------
-------
O------
XOO--O-
XXX-XO-
30/09/2018 17:11:41 INFO CHAMPION
30/09/2018 17:11:41 INFO action: 1
30/09/2018 17:11:41 INFO pi : [0.03448276 0.03448276 0.03448276 0.79310345 0.03448276 0.03448276
 0.03448276]
30/09/2018 17:11:41 INFO MCTS perceived value for X: -0.07
30/09/2018 17:11:41 INFO NN perceived value for X: -0.04
30/09/2018 17:11:41 INFO ==========
30/09/2018 17:11:41 INFO 
-------
-------
-------
OX-----
XOO--O-
XXX-XO-
30/09/2018 17:11:41 INFO CHAMPION
30/09/2018 17:11:41 INFO action: 3
30/09/2018 17:11:41 INFO pi : [0.17647059 0.15686275 0.11764706 0.1372549  0.11764706 0.15686275
 0.1372549 ]
30/09/2018 17:11:41 INFO MCTS perceived value for O: 0.05
30/09/2018 17:11:41 INFO NN perceived value for O: 0.08
30/09/2018 17:11:41 INFO ==========
30/09/2018 17:11:41 INFO 
-------
-------
-------
OX-----
XOO--O-
XXXOXO-
30/09/2018 17:11:41 INFO CHAMPION
30/09/2018 17:11:41 INFO action: 3
30/09/2018 17:11:41 INFO pi : [0.10714286 0.125      0.14285714 0.16071429 0.125      0.14285714
 0.19642857]
30/09/2018 17:11:41 INFO MCTS perceived value for X: -0.07
30/09/2018 17:11:41 INFO NN perceived value for X: -0.04
30/09/2018 17:11:41 INFO ==========
30/09/2018 17:11:41 INFO 
-------
-------
-------
OX-----
XOOX-O-
XXXOXO-
30/09/2018 17:11:41 INFO CHAMPION
30/09/2018 17:11:41 INFO action: 0
30/09/2018 17:11:41 INFO pi : [0.13793103 0.13793103 0.15517241 0.17241379 0.15517241 0.13793103
 0.10344828]
30/09/2018 17:11:41 INFO MCTS perceived value for O: 0.04
30/09/2018 17:11:41 INFO NN perceived value for O: 0.08
30/09/2018 17:11:41 INFO ==========
30/09/2018 17:11:41 INFO 
-------
-------
O------
OX-----
XOOX-O-
XXXOXO-
30/09/2018 17:11:41 INFO CHAMPION
30/09/2018 17:11:41 INFO action: 1
30/09/2018 17:11:41 INFO pi : [0.15789474 0.14035088 0.10526316 0.15789474 0.10526316 0.15789474
 0.1754386 ]
30/09/2018 17:11:41 INFO MCTS perceived value for X: -0.06
30/09/2018 17:11:41 INFO NN perceived value for X: -0.03
30/09/2018 17:11:41 INFO ==========
30/09/2018 17:11:41 INFO 
-------
-------
OX-----
OX-----
XOOX-O-
XXXOXO-
30/09/2018 17:11:41 INFO CHAMPION
30/09/2018 17:11:41 INFO action: 4
30/09/2018 17:11:41 INFO pi : [0.12280702 0.12280702 0.29824561 0.10526316 0.10526316 0.12280702
 0.12280702]
30/09/2018 17:11:41 INFO MCTS perceived value for O: -0.12
30/09/2018 17:11:41 INFO NN perceived value for O: 0.08
30/09/2018 17:11:41 INFO ==========
30/09/2018 17:11:41 INFO 
-------
-------
OX-----
OX-----
XOOXOO-
XXXOXO-
30/09/2018 17:11:41 INFO CHAMPION
30/09/2018 17:11:41 INFO action: 2
30/09/2018 17:11:41 INFO pi : [0.03636364 0.03636364 0.8        0.03636364 0.03636364 0.01818182
 0.03636364]
30/09/2018 17:11:41 INFO MCTS perceived value for X: 1.0
30/09/2018 17:11:41 INFO NN perceived value for X: -0.05
30/09/2018 17:11:41 INFO ==========
30/09/2018 17:11:41 INFO 
-------
-------
OX-----
OXX----
XOOXOO-
XXXOXO-
30/09/2018 17:11:41 INFO GAME : 0, VALUE: -1, NAME : -1
30/09/2018 17:11:41 INFO O WINS!
30/09/2018 17:11:41 INFO SP {'X': 2, 'O': 3}
30/09/2018 17:11:41 INFO ==========
30/09/2018 17:11:41 INFO game 6 of 10
30/09/2018 17:11:41 INFO ==========
30/09/2018 17:11:41 INFO CHAMPION play as X
30/09/2018 17:11:41 INFO CHAMPION play as O
30/09/2018 17:11:41 INFO --------------------------------------------------
30/09/2018 17:11:41 INFO 
-------
-------
-------
-------
-------
-------
30/09/2018 17:11:41 INFO CHAMPION
30/09/2018 17:11:41 INFO action: 0
30/09/2018 17:11:41 INFO pi : [0.14285714 0.10204082 0.16326531 0.18367347 0.20408163 0.08163265
 0.12244898]
30/09/2018 17:11:41 INFO MCTS perceived value for X: -0.08
30/09/2018 17:11:41 INFO NN perceived value for X: -0.07
30/09/2018 17:11:41 INFO ==========
30/09/2018 17:11:41 INFO 
-------
-------
-------
-------
-------
X------
30/09/2018 17:11:41 INFO CHAMPION
30/09/2018 17:11:41 INFO action: 2
30/09/2018 17:11:41 INFO pi : [0.17857143 0.10714286 0.125      0.14285714 0.14285714 0.14285714
 0.16071429]
30/09/2018 17:11:41 INFO MCTS perceived value for O: 0.08
30/09/2018 17:11:41 INFO NN perceived value for O: 0.09
30/09/2018 17:11:41 INFO ==========
30/09/2018 17:11:41 INFO 
-------
-------
-------
-------
-------
X-O----
30/09/2018 17:11:41 INFO CHAMPION
30/09/2018 17:11:41 INFO action: 5
30/09/2018 17:11:41 INFO pi : [0.125      0.17857143 0.08928571 0.14285714 0.08928571 0.21428571
 0.16071429]
30/09/2018 17:11:41 INFO MCTS perceived value for X: -0.08
30/09/2018 17:11:41 INFO NN perceived value for X: -0.08
30/09/2018 17:11:41 INFO ==========
30/09/2018 17:11:41 INFO 
-------
-------
-------
-------
-------
X-O--X-
30/09/2018 17:11:42 INFO CHAMPION
30/09/2018 17:11:42 INFO action: 1
30/09/2018 17:11:42 INFO pi : [0.08196721 0.1147541  0.1147541  0.13114754 0.13114754 0.19672131
 0.2295082 ]
30/09/2018 17:11:42 INFO MCTS perceived value for O: 0.07
30/09/2018 17:11:42 INFO NN perceived value for O: 0.08
30/09/2018 17:11:42 INFO ==========
30/09/2018 17:11:42 INFO 
-------
-------
-------
-------
-------
XOO--X-
30/09/2018 17:11:42 INFO CHAMPION
30/09/2018 17:11:42 INFO action: 0
30/09/2018 17:11:42 INFO pi : [0.16071429 0.10714286 0.08928571 0.08928571 0.21428571 0.125
 0.21428571]
30/09/2018 17:11:42 INFO MCTS perceived value for X: -0.07
30/09/2018 17:11:42 INFO NN perceived value for X: -0.07
30/09/2018 17:11:42 INFO ==========
30/09/2018 17:11:42 INFO 
-------
-------
-------
-------
X------
XOO--X-
30/09/2018 17:11:42 INFO CHAMPION
30/09/2018 17:11:42 INFO action: 1
30/09/2018 17:11:42 INFO pi : [0.10344828 0.20689655 0.13793103 0.15517241 0.13793103 0.10344828
 0.15517241]
30/09/2018 17:11:42 INFO MCTS perceived value for O: 0.07
30/09/2018 17:11:42 INFO NN perceived value for O: 0.07
30/09/2018 17:11:42 INFO ==========
30/09/2018 17:11:42 INFO 
-------
-------
-------
-------
XO-----
XOO--X-
30/09/2018 17:11:42 INFO CHAMPION
30/09/2018 17:11:42 INFO action: 6
30/09/2018 17:11:42 INFO pi : [0.19672131 0.09836066 0.13114754 0.1147541  0.18032787 0.14754098
 0.13114754]
30/09/2018 17:11:42 INFO MCTS perceived value for X: -0.06
30/09/2018 17:11:42 INFO NN perceived value for X: -0.07
30/09/2018 17:11:42 INFO ==========
30/09/2018 17:11:42 INFO 
-------
-------
-------
-------
XO-----
XOO--XX
30/09/2018 17:11:42 INFO CHAMPION
30/09/2018 17:11:42 INFO action: 1
30/09/2018 17:11:42 INFO pi : [0.0862069  0.12068966 0.13793103 0.17241379 0.17241379 0.17241379
 0.13793103]
30/09/2018 17:11:42 INFO MCTS perceived value for O: 0.06
30/09/2018 17:11:42 INFO NN perceived value for O: 0.06
30/09/2018 17:11:42 INFO ==========
30/09/2018 17:11:42 INFO 
-------
-------
-------
-O-----
XO-----
XOO--XX
30/09/2018 17:11:42 INFO CHAMPION
30/09/2018 17:11:42 INFO action: 2
30/09/2018 17:11:42 INFO pi : [0.08928571 0.35714286 0.10714286 0.125      0.125      0.08928571
 0.10714286]
30/09/2018 17:11:42 INFO MCTS perceived value for X: -0.38
30/09/2018 17:11:42 INFO NN perceived value for X: -0.06
30/09/2018 17:11:42 INFO ==========
30/09/2018 17:11:42 INFO 
-------
-------
-------
-O-----
XOX----
XOO--XX
30/09/2018 17:11:42 INFO CHAMPION
30/09/2018 17:11:42 INFO action: 1
30/09/2018 17:11:42 INFO pi : [0.03636364 0.78181818 0.03636364 0.03636364 0.03636364 0.03636364
 0.03636364]
30/09/2018 17:11:42 INFO MCTS perceived value for O: 1.0
30/09/2018 17:11:42 INFO NN perceived value for O: 0.08
30/09/2018 17:11:42 INFO ==========
30/09/2018 17:11:42 INFO 
-------
-------
-O-----
-O-----
XOX----
XOO--XX
30/09/2018 17:11:42 INFO GAME : 1, VALUE: -1, NAME : 1
30/09/2018 17:11:42 INFO XX WINS!
30/09/2018 17:11:42 INFO SP {'X': 3, 'O': 3}
30/09/2018 17:11:42 INFO ==========
30/09/2018 17:11:42 INFO game 7 of 10
30/09/2018 17:11:42 INFO ==========
30/09/2018 17:11:42 INFO CHAMPION play as X
30/09/2018 17:11:42 INFO CHAMPION play as O
30/09/2018 17:11:42 INFO --------------------------------------------------
30/09/2018 17:11:42 INFO 
-------
-------
-------
-------
-------
-------
30/09/2018 17:11:42 INFO CHAMPION
30/09/2018 17:11:42 INFO action: 2
30/09/2018 17:11:42 INFO pi : [0.12244898 0.14285714 0.16326531 0.14285714 0.18367347 0.12244898
 0.12244898]
30/09/2018 17:11:42 INFO MCTS perceived value for X: -0.07
30/09/2018 17:11:42 INFO NN perceived value for X: -0.09
30/09/2018 17:11:42 INFO ==========
30/09/2018 17:11:42 INFO 
-------
-------
-------
-------
-------
--X----
30/09/2018 17:11:42 INFO CHAMPION
30/09/2018 17:11:42 INFO action: 6
30/09/2018 17:11:42 INFO pi : [0.12280702 0.14035088 0.12280702 0.14035088 0.15789474 0.14035088
 0.1754386 ]
30/09/2018 17:11:42 INFO MCTS perceived value for O: 0.08
30/09/2018 17:11:42 INFO NN perceived value for O: 0.07
30/09/2018 17:11:42 INFO ==========
30/09/2018 17:11:42 INFO 
-------
-------
-------
-------
-------
--X---O
30/09/2018 17:11:42 INFO CHAMPION
30/09/2018 17:11:42 INFO action: 0
30/09/2018 17:11:42 INFO pi : [0.16949153 0.10169492 0.15254237 0.13559322 0.16949153 0.13559322
 0.13559322]
30/09/2018 17:11:42 INFO MCTS perceived value for X: -0.07
30/09/2018 17:11:42 INFO NN perceived value for X: -0.07
30/09/2018 17:11:42 INFO ==========
30/09/2018 17:11:42 INFO 
-------
-------
-------
-------
-------
X-X---O
30/09/2018 17:11:42 INFO CHAMPION
30/09/2018 17:11:42 INFO action: 2
30/09/2018 17:11:42 INFO pi : [0.13559322 0.20338983 0.11864407 0.18644068 0.11864407 0.11864407
 0.11864407]
30/09/2018 17:11:42 INFO MCTS perceived value for O: 0.06
30/09/2018 17:11:42 INFO NN perceived value for O: 0.07
30/09/2018 17:11:42 INFO ==========
30/09/2018 17:11:42 INFO 
-------
-------
-------
-------
--O----
X-X---O
30/09/2018 17:11:42 INFO CHAMPION
30/09/2018 17:11:42 INFO action: 0
30/09/2018 17:11:42 INFO pi : [0.125      0.21428571 0.17857143 0.10714286 0.08928571 0.16071429
 0.125     ]
30/09/2018 17:11:42 INFO MCTS perceived value for X: -0.06
30/09/2018 17:11:42 INFO NN perceived value for X: -0.06
30/09/2018 17:11:42 INFO ==========
30/09/2018 17:11:42 INFO 
-------
-------
-------
-------
X-O----
X-X---O
30/09/2018 17:11:42 INFO CHAMPION
30/09/2018 17:11:42 INFO action: 3
30/09/2018 17:11:42 INFO pi : [0.125      0.08928571 0.10714286 0.16071429 0.16071429 0.19642857
 0.16071429]
30/09/2018 17:11:42 INFO MCTS perceived value for O: 0.07
30/09/2018 17:11:42 INFO NN perceived value for O: 0.05
30/09/2018 17:11:42 INFO ==========
30/09/2018 17:11:42 INFO 
-------
-------
-------
-------
X-O----
X-XO--O
30/09/2018 17:11:42 INFO CHAMPION
30/09/2018 17:11:42 INFO action: 3
30/09/2018 17:11:42 INFO pi : [0.15517241 0.17241379 0.13793103 0.15517241 0.17241379 0.06896552
 0.13793103]
30/09/2018 17:11:42 INFO MCTS perceived value for X: -0.06
30/09/2018 17:11:42 INFO NN perceived value for X: -0.07
30/09/2018 17:11:42 INFO ==========
30/09/2018 17:11:42 INFO 
-------
-------
-------
-------
X-OX---
X-XO--O
30/09/2018 17:11:42 INFO CHAMPION
30/09/2018 17:11:42 INFO action: 2
30/09/2018 17:11:42 INFO pi : [0.22413793 0.18965517 0.12068966 0.12068966 0.10344828 0.13793103
 0.10344828]
30/09/2018 17:11:42 INFO MCTS perceived value for O: 0.06
30/09/2018 17:11:42 INFO NN perceived value for O: 0.05
30/09/2018 17:11:42 INFO ==========
30/09/2018 17:11:42 INFO 
-------
-------
-------
--O----
X-OX---
X-XO--O
30/09/2018 17:11:43 INFO CHAMPION
30/09/2018 17:11:43 INFO action: 5
30/09/2018 17:11:43 INFO pi : [0.17857143 0.10714286 0.17857143 0.14285714 0.125      0.14285714
 0.125     ]
30/09/2018 17:11:43 INFO MCTS perceived value for X: -0.05
30/09/2018 17:11:43 INFO NN perceived value for X: -0.07
30/09/2018 17:11:43 INFO ==========
30/09/2018 17:11:43 INFO 
-------
-------
-------
--O----
X-OX---
X-XO-XO
30/09/2018 17:11:43 INFO CHAMPION
30/09/2018 17:11:43 INFO action: 2
30/09/2018 17:11:43 INFO pi : [0.14035088 0.12280702 0.15789474 0.1754386  0.12280702 0.14035088
 0.14035088]
30/09/2018 17:11:43 INFO MCTS perceived value for O: 0.07
30/09/2018 17:11:43 INFO NN perceived value for O: 0.05
30/09/2018 17:11:43 INFO ==========
30/09/2018 17:11:43 INFO 
-------
-------
--O----
--O----
X-OX---
X-XO-XO
30/09/2018 17:11:43 INFO CHAMPION
30/09/2018 17:11:43 INFO action: 6
30/09/2018 17:11:43 INFO pi : [0.13793103 0.12068966 0.13793103 0.15517241 0.13793103 0.15517241
 0.15517241]
30/09/2018 17:11:43 INFO MCTS perceived value for X: -0.27
30/09/2018 17:11:43 INFO NN perceived value for X: -0.07
30/09/2018 17:11:43 INFO ==========
30/09/2018 17:11:43 INFO 
-------
-------
--O----
--O----
X-OX--X
X-XO-XO
30/09/2018 17:11:43 INFO CHAMPION
30/09/2018 17:11:43 INFO action: 2
30/09/2018 17:11:43 INFO pi : [0.03448276 0.03448276 0.79310345 0.03448276 0.03448276 0.03448276
 0.03448276]
30/09/2018 17:11:43 INFO MCTS perceived value for O: 1.0
30/09/2018 17:11:43 INFO NN perceived value for O: 0.06
30/09/2018 17:11:43 INFO ==========
30/09/2018 17:11:43 INFO 
-------
--O----
--O----
--O----
X-OX--X
X-XO-XO
30/09/2018 17:11:43 INFO GAME : 0, VALUE: -1, NAME : 1
30/09/2018 17:11:43 INFO O WINS!
30/09/2018 17:11:43 INFO SP {'X': 3, 'O': 4}
30/09/2018 17:11:43 INFO ==========
30/09/2018 17:11:43 INFO game 8 of 10
30/09/2018 17:11:43 INFO ==========
30/09/2018 17:11:43 INFO CHAMPION play as X
30/09/2018 17:11:43 INFO CHAMPION play as O
30/09/2018 17:11:43 INFO --------------------------------------------------
30/09/2018 17:11:43 INFO 
-------
-------
-------
-------
-------
-------
30/09/2018 17:11:43 INFO CHAMPION
30/09/2018 17:11:43 INFO action: 0
30/09/2018 17:11:43 INFO pi : [0.10204082 0.14285714 0.16326531 0.12244898 0.12244898 0.08163265
 0.26530612]
30/09/2018 17:11:43 INFO MCTS perceived value for X: -0.08
30/09/2018 17:11:43 INFO NN perceived value for X: -0.07
30/09/2018 17:11:43 INFO ==========
30/09/2018 17:11:43 INFO 
-------
-------
-------
-------
-------
X------
30/09/2018 17:11:43 INFO CHAMPION
30/09/2018 17:11:43 INFO action: 0
30/09/2018 17:11:43 INFO pi : [0.12962963 0.2037037  0.11111111 0.11111111 0.09259259 0.14814815
 0.2037037 ]
30/09/2018 17:11:43 INFO MCTS perceived value for O: 0.08
30/09/2018 17:11:43 INFO NN perceived value for O: 0.08
30/09/2018 17:11:43 INFO ==========
30/09/2018 17:11:43 INFO 
-------
-------
-------
-------
O------
X------
30/09/2018 17:11:43 INFO CHAMPION
30/09/2018 17:11:43 INFO action: 3
30/09/2018 17:11:43 INFO pi : [0.08928571 0.10714286 0.10714286 0.16071429 0.17857143 0.17857143
 0.17857143]
30/09/2018 17:11:43 INFO MCTS perceived value for X: -0.08
30/09/2018 17:11:43 INFO NN perceived value for X: -0.06
30/09/2018 17:11:43 INFO ==========
30/09/2018 17:11:43 INFO 
-------
-------
-------
-------
O------
X--X---
30/09/2018 17:11:43 INFO CHAMPION
30/09/2018 17:11:43 INFO action: 4
30/09/2018 17:11:43 INFO pi : [0.13793103 0.13793103 0.13793103 0.10344828 0.18965517 0.18965517
 0.10344828]
30/09/2018 17:11:43 INFO MCTS perceived value for O: 0.08
30/09/2018 17:11:43 INFO NN perceived value for O: 0.09
30/09/2018 17:11:43 INFO ==========
30/09/2018 17:11:43 INFO 
-------
-------
-------
-------
O------
X--XO--
30/09/2018 17:11:43 INFO CHAMPION
30/09/2018 17:11:43 INFO action: 5
30/09/2018 17:11:43 INFO pi : [0.15       0.08333333 0.21666667 0.1        0.16666667 0.18333333
 0.1       ]
30/09/2018 17:11:43 INFO MCTS perceived value for X: -0.09
30/09/2018 17:11:43 INFO NN perceived value for X: -0.08
30/09/2018 17:11:43 INFO ==========
30/09/2018 17:11:43 INFO 
-------
-------
-------
-------
O------
X--XOX-
30/09/2018 17:11:43 INFO CHAMPION
30/09/2018 17:11:43 INFO action: 3
30/09/2018 17:11:43 INFO pi : [0.13333333 0.08333333 0.16666667 0.08333333 0.18333333 0.2
 0.15      ]
30/09/2018 17:11:43 INFO MCTS perceived value for O: 0.1
30/09/2018 17:11:43 INFO NN perceived value for O: 0.08
30/09/2018 17:11:43 INFO ==========
30/09/2018 17:11:43 INFO 
-------
-------
-------
-------
O--O---
X--XOX-
30/09/2018 17:11:43 INFO CHAMPION
30/09/2018 17:11:43 INFO action: 0
30/09/2018 17:11:43 INFO pi : [0.14814815 0.14814815 0.11111111 0.12962963 0.14814815 0.12962963
 0.18518519]
30/09/2018 17:11:43 INFO MCTS perceived value for X: -0.09
30/09/2018 17:11:43 INFO NN perceived value for X: -0.09
30/09/2018 17:11:43 INFO ==========
30/09/2018 17:11:43 INFO 
-------
-------
-------
X------
O--O---
X--XOX-
30/09/2018 17:11:43 INFO CHAMPION
30/09/2018 17:11:43 INFO action: 4
30/09/2018 17:11:43 INFO pi : [0.12280702 0.14035088 0.10526316 0.19298246 0.14035088 0.12280702
 0.1754386 ]
30/09/2018 17:11:43 INFO MCTS perceived value for O: 0.09
30/09/2018 17:11:43 INFO NN perceived value for O: 0.09
30/09/2018 17:11:43 INFO ==========
30/09/2018 17:11:43 INFO 
-------
-------
-------
X------
O--OO--
X--XOX-
30/09/2018 17:11:43 INFO CHAMPION
30/09/2018 17:11:43 INFO action: 1
30/09/2018 17:11:43 INFO pi : [0.05263158 0.15789474 0.19298246 0.1754386  0.12280702 0.1754386
 0.12280702]
30/09/2018 17:11:43 INFO MCTS perceived value for X: -0.09
30/09/2018 17:11:43 INFO NN perceived value for X: -0.09
30/09/2018 17:11:43 INFO ==========
30/09/2018 17:11:43 INFO 
-------
-------
-------
X------
O--OO--
XX-XOX-
30/09/2018 17:11:43 INFO CHAMPION
30/09/2018 17:11:43 INFO action: 2
30/09/2018 17:11:43 INFO pi : [0.10344828 0.12068966 0.32758621 0.10344828 0.10344828 0.12068966
 0.12068966]
30/09/2018 17:11:43 INFO MCTS perceived value for O: 0.1
30/09/2018 17:11:43 INFO NN perceived value for O: 0.1
30/09/2018 17:11:43 INFO ==========
30/09/2018 17:11:43 INFO 
-------
-------
-------
X------
O--OO--
XXOXOX-
30/09/2018 17:11:43 INFO CHAMPION
30/09/2018 17:11:43 INFO action: 1
30/09/2018 17:11:43 INFO pi : [0.19117647 0.13235294 0.14705882 0.11764706 0.08823529 0.14705882
 0.17647059]
30/09/2018 17:11:43 INFO MCTS perceived value for X: -0.09
30/09/2018 17:11:43 INFO NN perceived value for X: -0.11
30/09/2018 17:11:43 INFO ==========
30/09/2018 17:11:43 INFO 
-------
-------
-------
X------
OX-OO--
XXOXOX-
30/09/2018 17:11:43 INFO CHAMPION
30/09/2018 17:11:43 INFO action: 3
30/09/2018 17:11:43 INFO pi : [0.17241379 0.17241379 0.0862069  0.18965517 0.15517241 0.13793103
 0.0862069 ]
30/09/2018 17:11:43 INFO MCTS perceived value for O: 0.11
30/09/2018 17:11:43 INFO NN perceived value for O: 0.09
30/09/2018 17:11:43 INFO ==========
30/09/2018 17:11:43 INFO 
-------
-------
-------
X--O---
OX-OO--
XXOXOX-
30/09/2018 17:11:44 INFO CHAMPION
30/09/2018 17:11:44 INFO action: 3
30/09/2018 17:11:44 INFO pi : [0.11666667 0.16666667 0.15       0.2        0.13333333 0.11666667
 0.11666667]
30/09/2018 17:11:44 INFO MCTS perceived value for X: -0.09
30/09/2018 17:11:44 INFO NN perceived value for X: -0.12
30/09/2018 17:11:44 INFO ==========
30/09/2018 17:11:44 INFO 
-------
-------
---X---
X--O---
OX-OO--
XXOXOX-
30/09/2018 17:11:44 INFO CHAMPION
30/09/2018 17:11:44 INFO action: 3
30/09/2018 17:11:44 INFO pi : [0.18032787 0.1147541  0.09836066 0.13114754 0.16393443 0.19672131
 0.1147541 ]
30/09/2018 17:11:44 INFO MCTS perceived value for O: 0.12
30/09/2018 17:11:44 INFO NN perceived value for O: 0.07
30/09/2018 17:11:44 INFO ==========
30/09/2018 17:11:44 INFO 
-------
---O---
---X---
X--O---
OX-OO--
XXOXOX-
30/09/2018 17:11:44 INFO CHAMPION
30/09/2018 17:11:44 INFO action: 5
30/09/2018 17:11:44 INFO pi : [0.10526316 0.15789474 0.12280702 0.12280702 0.12280702 0.21052632
 0.15789474]
30/09/2018 17:11:44 INFO MCTS perceived value for X: -0.08
30/09/2018 17:11:44 INFO NN perceived value for X: -0.13
30/09/2018 17:11:44 INFO ==========
30/09/2018 17:11:44 INFO 
-------
---O---
---X---
X--O---
OX-OOX-
XXOXOX-
30/09/2018 17:11:44 INFO CHAMPION
30/09/2018 17:11:44 INFO action: 0
30/09/2018 17:11:44 INFO pi : [0.18032787 0.13114754 0.1147541  0.09836066 0.16393443 0.14754098
 0.16393443]
30/09/2018 17:11:44 INFO MCTS perceived value for O: 0.1
30/09/2018 17:11:44 INFO NN perceived value for O: 0.05
30/09/2018 17:11:44 INFO ==========
30/09/2018 17:11:44 INFO 
-------
---O---
O--X---
X--O---
OX-OOX-
XXOXOX-
30/09/2018 17:11:44 INFO CHAMPION
30/09/2018 17:11:44 INFO action: 0
30/09/2018 17:11:44 INFO pi : [0.13333333 0.15       0.11666667 0.13333333 0.15       0.2
 0.11666667]
30/09/2018 17:11:44 INFO MCTS perceived value for X: -0.05
30/09/2018 17:11:44 INFO NN perceived value for X: -0.12
30/09/2018 17:11:44 INFO ==========
30/09/2018 17:11:44 INFO 
-------
X--O---
O--X---
X--O---
OX-OOX-
XXOXOX-
30/09/2018 17:11:44 INFO CHAMPION
30/09/2018 17:11:44 INFO action: 6
30/09/2018 17:11:44 INFO pi : [0.1754386  0.15789474 0.12280702 0.15789474 0.12280702 0.12280702
 0.14035088]
30/09/2018 17:11:44 INFO MCTS perceived value for O: 0.1
30/09/2018 17:11:44 INFO NN perceived value for O: 0.04
30/09/2018 17:11:44 INFO ==========
30/09/2018 17:11:44 INFO 
-------
X--O---
O--X---
X--O---
OX-OOX-
XXOXOXO
30/09/2018 17:11:44 INFO CHAMPION
30/09/2018 17:11:44 INFO action: 4
30/09/2018 17:11:44 INFO pi : [0.15789474 0.15789474 0.15789474 0.07017544 0.14035088 0.15789474
 0.15789474]
30/09/2018 17:11:44 INFO MCTS perceived value for X: -0.04
30/09/2018 17:11:44 INFO NN perceived value for X: -0.12
30/09/2018 17:11:44 INFO ==========
30/09/2018 17:11:44 INFO 
-------
X--O---
O--X---
X--OX--
OX-OOX-
XXOXOXO
30/09/2018 17:11:44 INFO CHAMPION
30/09/2018 17:11:44 INFO action: 1
30/09/2018 17:11:44 INFO pi : [0.12280702 0.14035088 0.10526316 0.12280702 0.1754386  0.21052632
 0.12280702]
30/09/2018 17:11:44 INFO MCTS perceived value for O: 0.11
30/09/2018 17:11:44 INFO NN perceived value for O: 0.02
30/09/2018 17:11:44 INFO ==========
30/09/2018 17:11:44 INFO 
-------
X--O---
O--X---
XO-OX--
OX-OOX-
XXOXOXO
30/09/2018 17:11:44 INFO CHAMPION
30/09/2018 17:11:44 INFO action: 6
30/09/2018 17:11:44 INFO pi : [0.14035088 0.12280702 0.1754386  0.12280702 0.12280702 0.12280702
 0.19298246]
30/09/2018 17:11:44 INFO MCTS perceived value for X: -0.07
30/09/2018 17:11:44 INFO NN perceived value for X: -0.12
30/09/2018 17:11:44 INFO ==========
30/09/2018 17:11:44 INFO 
-------
X--O---
O--X---
XO-OX--
OX-OOXX
XXOXOXO
30/09/2018 17:11:44 INFO CHAMPION
30/09/2018 17:11:44 INFO action: 3
30/09/2018 17:11:44 INFO pi : [0.06666667 0.16666667 0.1        0.21666667 0.2        0.15
 0.1       ]
30/09/2018 17:11:44 INFO MCTS perceived value for O: 0.07
30/09/2018 17:11:44 INFO NN perceived value for O: 0.03
30/09/2018 17:11:44 INFO ==========
30/09/2018 17:11:44 INFO 
---O---
X--O---
O--X---
XO-OX--
OX-OOXX
XXOXOXO
30/09/2018 17:11:44 INFO CHAMPION
30/09/2018 17:11:44 INFO action: 5
30/09/2018 17:11:44 INFO pi : [0.09677419 0.17741935 0.12903226 0.         0.17741935 0.22580645
 0.19354839]
30/09/2018 17:11:44 INFO MCTS perceived value for X: -0.0
30/09/2018 17:11:44 INFO NN perceived value for X: -0.12
30/09/2018 17:11:44 INFO ==========
30/09/2018 17:11:44 INFO 
---O---
X--O---
O--X---
XO-OXX-
OX-OOXX
XXOXOXO
30/09/2018 17:11:44 INFO CHAMPION
30/09/2018 17:11:44 INFO action: 5
30/09/2018 17:11:44 INFO pi : [0.06349206 0.06349206 0.07936508 0.         0.07936508 0.65079365
 0.06349206]
30/09/2018 17:11:44 INFO MCTS perceived value for O: 0.05
30/09/2018 17:11:44 INFO NN perceived value for O: 0.03
30/09/2018 17:11:44 INFO ==========
30/09/2018 17:11:44 INFO 
---O---
X--O---
O--X-O-
XO-OXX-
OX-OOXX
XXOXOXO
30/09/2018 17:11:44 INFO CHAMPION
30/09/2018 17:11:44 INFO action: 4
30/09/2018 17:11:44 INFO pi : [0.18888889 0.14444444 0.13333333 0.         0.2        0.17777778
 0.15555556]
30/09/2018 17:11:44 INFO MCTS perceived value for X: -0.07
30/09/2018 17:11:44 INFO NN perceived value for X: -0.1
30/09/2018 17:11:44 INFO ==========
30/09/2018 17:11:44 INFO 
---O---
X--O---
O--XXO-
XO-OXX-
OX-OOXX
XXOXOXO
30/09/2018 17:11:44 INFO CHAMPION
30/09/2018 17:11:44 INFO action: 4
30/09/2018 17:11:44 INFO pi : [0.17910448 0.1641791  0.08955224 0.         0.19402985 0.19402985
 0.17910448]
30/09/2018 17:11:44 INFO MCTS perceived value for O: 0.05
30/09/2018 17:11:44 INFO NN perceived value for O: 0.02
30/09/2018 17:11:44 INFO ==========
30/09/2018 17:11:44 INFO 
---O---
X--OO--
O--XXO-
XO-OXX-
OX-OOXX
XXOXOXO
30/09/2018 17:11:44 INFO CHAMPION
30/09/2018 17:11:44 INFO action: 6
30/09/2018 17:11:44 INFO pi : [0.08064516 0.11290323 0.11290323 0.         0.11290323 0.11290323
 0.46774194]
30/09/2018 17:11:44 INFO MCTS perceived value for X: -0.08
30/09/2018 17:11:44 INFO NN perceived value for X: -0.09
30/09/2018 17:11:44 INFO ==========
30/09/2018 17:11:44 INFO 
---O---
X--OO--
O--XXO-
XO-OXXX
OX-OOXX
XXOXOXO
30/09/2018 17:11:44 INFO CHAMPION
30/09/2018 17:11:44 INFO action: 1
30/09/2018 17:11:44 INFO pi : [0.17948718 0.23076923 0.07692308 0.         0.16666667 0.15384615
 0.19230769]
30/09/2018 17:11:44 INFO MCTS perceived value for O: 0.05
30/09/2018 17:11:44 INFO NN perceived value for O: 0.03
30/09/2018 17:11:44 INFO ==========
30/09/2018 17:11:44 INFO 
---O---
X--OO--
OO-XXO-
XO-OXXX
OX-OOXX
XXOXOXO
30/09/2018 17:11:45 INFO CHAMPION
30/09/2018 17:11:45 INFO action: 6
30/09/2018 17:11:45 INFO pi : [0.13432836 0.19402985 0.10447761 0.         0.19402985 0.1641791
 0.20895522]
30/09/2018 17:11:45 INFO MCTS perceived value for X: 0.02
30/09/2018 17:11:45 INFO NN perceived value for X: -0.08
30/09/2018 17:11:45 INFO ==========
30/09/2018 17:11:45 INFO 
---O---
X--OO--
OO-XXOX
XO-OXXX
OX-OOXX
XXOXOXO
30/09/2018 17:11:45 INFO CHAMPION
30/09/2018 17:11:45 INFO action: 6
30/09/2018 17:11:45 INFO pi : [0.04761905 0.11111111 0.0952381  0.         0.0952381  0.11111111
 0.53968254]
30/09/2018 17:11:45 INFO MCTS perceived value for O: 0.21
30/09/2018 17:11:45 INFO NN perceived value for O: 0.03
30/09/2018 17:11:45 INFO ==========
30/09/2018 17:11:45 INFO 
---O---
X--OO-O
OO-XXOX
XO-OXXX
OX-OOXX
XXOXOXO
30/09/2018 17:11:45 INFO CHAMPION
30/09/2018 17:11:45 INFO action: 5
30/09/2018 17:11:45 INFO pi : [0.06024096 0.06024096 0.06024096 0.         0.06024096 0.68674699
 0.07228916]
30/09/2018 17:11:45 INFO MCTS perceived value for X: -0.07
30/09/2018 17:11:45 INFO NN perceived value for X: -0.1
30/09/2018 17:11:45 INFO ==========
30/09/2018 17:11:45 INFO 
---O---
X--OOXO
OO-XXOX
XO-OXXX
OX-OOXX
XXOXOXO
30/09/2018 17:11:45 INFO CHAMPION
30/09/2018 17:11:45 INFO action: 1
30/09/2018 17:11:45 INFO pi : [0.1509434  0.33962264 0.06603774 0.         0.14150943 0.1509434
 0.1509434 ]
30/09/2018 17:11:45 INFO MCTS perceived value for O: 0.22
30/09/2018 17:11:45 INFO NN perceived value for O: 0.06
30/09/2018 17:11:45 INFO ==========
30/09/2018 17:11:45 INFO 
---O---
XO-OOXO
OO-XXOX
XO-OXXX
OX-OOXX
XXOXOXO
30/09/2018 17:11:45 INFO CHAMPION
30/09/2018 17:11:45 INFO action: 1
30/09/2018 17:11:45 INFO pi : [0.04705882 0.67058824 0.08235294 0.         0.07058824 0.07058824
 0.05882353]
30/09/2018 17:11:45 INFO MCTS perceived value for X: -0.06
30/09/2018 17:11:45 INFO NN perceived value for X: -0.07
30/09/2018 17:11:45 INFO ==========
30/09/2018 17:11:45 INFO 
-X-O---
XO-OOXO
OO-XXOX
XO-OXXX
OX-OOXX
XXOXOXO
30/09/2018 17:11:45 INFO CHAMPION
30/09/2018 17:11:45 INFO action: 5
30/09/2018 17:11:45 INFO pi : [0.20754717 0.         0.05660377 0.         0.23584906 0.25471698
 0.24528302]
30/09/2018 17:11:45 INFO MCTS perceived value for O: -0.14
30/09/2018 17:11:45 INFO NN perceived value for O: 0.05
30/09/2018 17:11:45 INFO ==========
30/09/2018 17:11:45 INFO 
-X-O-O-
XO-OOXO
OO-XXOX
XO-OXXX
OX-OOXX
XXOXOXO
30/09/2018 17:11:45 INFO CHAMPION
30/09/2018 17:11:45 INFO action: 6
30/09/2018 17:11:45 INFO pi : [0.05263158 0.         0.03947368 0.         0.06578947 0.
 0.84210526]
30/09/2018 17:11:45 INFO MCTS perceived value for X: 0.87
30/09/2018 17:11:45 INFO NN perceived value for X: -0.06
30/09/2018 17:11:45 INFO ==========
30/09/2018 17:11:45 INFO 
-X-O-OX
XO-OOXO
OO-XXOX
XO-OXXX
OX-OOXX
XXOXOXO
30/09/2018 17:11:45 INFO CHAMPION
30/09/2018 17:11:45 INFO action: 4
30/09/2018 17:11:45 INFO pi : [0.23893805 0.         0.33628319 0.         0.42477876 0.
 0.        ]
30/09/2018 17:11:45 INFO MCTS perceived value for O: -0.91
30/09/2018 17:11:45 INFO NN perceived value for O: 0.06
30/09/2018 17:11:45 INFO ==========
30/09/2018 17:11:45 INFO 
-X-OOOX
XO-OOXO
OO-XXOX
XO-OXXX
OX-OOXX
XXOXOXO
30/09/2018 17:11:45 INFO CHAMPION
30/09/2018 17:11:45 INFO action: 0
30/09/2018 17:11:45 INFO pi : [0.96938776 0.         0.03061224 0.         0.         0.
 0.        ]
30/09/2018 17:11:45 INFO MCTS perceived value for X: 0.98
30/09/2018 17:11:45 INFO NN perceived value for X: -0.05
30/09/2018 17:11:45 INFO ==========
30/09/2018 17:11:45 INFO 
XX-OOOX
XO-OOXO
OO-XXOX
XO-OXXX
OX-OOXX
XXOXOXO
30/09/2018 17:11:45 INFO CHAMPION
30/09/2018 17:11:45 INFO action: 2
30/09/2018 17:11:45 INFO pi : [0. 0. 1. 0. 0. 0. 0.]
30/09/2018 17:11:45 INFO MCTS perceived value for O: -0.99
30/09/2018 17:11:45 INFO NN perceived value for O: 0.06
30/09/2018 17:11:45 INFO ==========
30/09/2018 17:11:45 INFO 
XX-OOOX
XO-OOXO
OO-XXOX
XO-OXXX
OXOOOXX
XXOXOXO
30/09/2018 17:11:45 INFO CHAMPION
30/09/2018 17:11:45 INFO action: 2
30/09/2018 17:11:45 INFO pi : [0. 0. 1. 0. 0. 0. 0.]
30/09/2018 17:11:45 INFO MCTS perceived value for X: 1.0
30/09/2018 17:11:45 INFO NN perceived value for X: -0.04
30/09/2018 17:11:45 INFO ==========
30/09/2018 17:11:45 INFO 
XX-OOOX
XO-OOXO
OO-XXOX
XOXOXXX
OXOOOXX
XXOXOXO
30/09/2018 17:11:45 INFO GAME : 1, VALUE: -1, NAME : -1
30/09/2018 17:11:45 INFO XX WINS!
30/09/2018 17:11:45 INFO SP {'X': 4, 'O': 4}
30/09/2018 17:11:45 INFO ==========
30/09/2018 17:11:45 INFO game 9 of 10
30/09/2018 17:11:45 INFO ==========
30/09/2018 17:11:45 INFO CHAMPION play as X
30/09/2018 17:11:45 INFO CHAMPION play as O
30/09/2018 17:11:45 INFO --------------------------------------------------
30/09/2018 17:11:45 INFO 
-------
-------
-------
-------
-------
-------
30/09/2018 17:11:45 INFO CHAMPION
30/09/2018 17:11:45 INFO action: 4
30/09/2018 17:11:45 INFO pi : [0.12244898 0.16326531 0.14285714 0.10204082 0.14285714 0.12244898
 0.20408163]
30/09/2018 17:11:45 INFO MCTS perceived value for X: -0.08
30/09/2018 17:11:45 INFO NN perceived value for X: -0.08
30/09/2018 17:11:45 INFO ==========
30/09/2018 17:11:45 INFO 
-------
-------
-------
-------
-------
----X--
30/09/2018 17:11:45 INFO CHAMPION
30/09/2018 17:11:45 INFO action: 4
30/09/2018 17:11:45 INFO pi : [0.19642857 0.19642857 0.08928571 0.16071429 0.08928571 0.125
 0.14285714]
30/09/2018 17:11:45 INFO MCTS perceived value for O: 0.08
30/09/2018 17:11:45 INFO NN perceived value for O: 0.08
30/09/2018 17:11:45 INFO ==========
30/09/2018 17:11:45 INFO 
-------
-------
-------
-------
----O--
----X--
30/09/2018 17:11:45 INFO CHAMPION
30/09/2018 17:11:45 INFO action: 2
30/09/2018 17:11:45 INFO pi : [0.11111111 0.12962963 0.16666667 0.14814815 0.14814815 0.09259259
 0.2037037 ]
30/09/2018 17:11:45 INFO MCTS perceived value for X: -0.07
30/09/2018 17:11:45 INFO NN perceived value for X: -0.08
30/09/2018 17:11:45 INFO ==========
30/09/2018 17:11:45 INFO 
-------
-------
-------
-------
----O--
--X-X--
30/09/2018 17:11:45 INFO CHAMPION
30/09/2018 17:11:45 INFO action: 1
30/09/2018 17:11:45 INFO pi : [0.15517241 0.20689655 0.15517241 0.15517241 0.13793103 0.0862069
 0.10344828]
30/09/2018 17:11:45 INFO MCTS perceived value for O: 0.07
30/09/2018 17:11:45 INFO NN perceived value for O: 0.07
30/09/2018 17:11:45 INFO ==========
30/09/2018 17:11:45 INFO 
-------
-------
-------
-------
----O--
-OX-X--
30/09/2018 17:11:45 INFO CHAMPION
30/09/2018 17:11:45 INFO action: 6
30/09/2018 17:11:45 INFO pi : [0.16393443 0.1147541  0.13114754 0.1147541  0.18032787 0.09836066
 0.19672131]
30/09/2018 17:11:45 INFO MCTS perceived value for X: -0.06
30/09/2018 17:11:45 INFO NN perceived value for X: -0.07
30/09/2018 17:11:45 INFO ==========
30/09/2018 17:11:45 INFO 
-------
-------
-------
-------
----O--
-OX-X-X
30/09/2018 17:11:45 INFO CHAMPION
30/09/2018 17:11:45 INFO action: 2
30/09/2018 17:11:45 INFO pi : [0.1147541  0.13114754 0.14754098 0.14754098 0.19672131 0.1147541
 0.14754098]
30/09/2018 17:11:45 INFO MCTS perceived value for O: 0.07
30/09/2018 17:11:45 INFO NN perceived value for O: 0.07
30/09/2018 17:11:45 INFO ==========
30/09/2018 17:11:45 INFO 
-------
-------
-------
-------
--O-O--
-OX-X-X
30/09/2018 17:11:45 INFO CHAMPION
30/09/2018 17:11:45 INFO action: 3
30/09/2018 17:11:45 INFO pi : [0.15517241 0.0862069  0.12068966 0.13793103 0.15517241 0.15517241
 0.18965517]
30/09/2018 17:11:45 INFO MCTS perceived value for X: -0.07
30/09/2018 17:11:45 INFO NN perceived value for X: -0.05
30/09/2018 17:11:45 INFO ==========
30/09/2018 17:11:45 INFO 
-------
-------
-------
-------
--O-O--
-OXXX-X
30/09/2018 17:11:45 INFO CHAMPION
30/09/2018 17:11:45 INFO action: 2
30/09/2018 17:11:45 INFO pi : [0.07017544 0.07017544 0.07017544 0.07017544 0.07017544 0.57894737
 0.07017544]
30/09/2018 17:11:45 INFO MCTS perceived value for O: -0.47
30/09/2018 17:11:45 INFO NN perceived value for O: 0.07
30/09/2018 17:11:45 INFO ==========
30/09/2018 17:11:45 INFO 
-------
-------
-------
--O----
--O-O--
-OXXX-X
30/09/2018 17:11:45 INFO CHAMPION
30/09/2018 17:11:45 INFO action: 5
30/09/2018 17:11:45 INFO pi : [0.03773585 0.03773585 0.03773585 0.01886792 0.03773585 0.79245283
 0.03773585]
30/09/2018 17:11:45 INFO MCTS perceived value for X: 1.0
30/09/2018 17:11:45 INFO NN perceived value for X: -0.06
30/09/2018 17:11:45 INFO ==========
30/09/2018 17:11:45 INFO 
-------
-------
-------
--O----
--O-O--
-OXXXXX
30/09/2018 17:11:45 INFO GAME : 0, VALUE: -1, NAME : -1
30/09/2018 17:11:45 INFO O WINS!
30/09/2018 17:11:45 INFO SP {'X': 4, 'O': 5}
30/09/2018 17:11:45 INFO ==========
30/09/2018 17:11:45 INFO game 10 of 10
30/09/2018 17:11:45 INFO ==========
30/09/2018 17:11:45 INFO CHAMPION play as X
30/09/2018 17:11:45 INFO CHAMPION play as O
30/09/2018 17:11:45 INFO --------------------------------------------------
30/09/2018 17:11:45 INFO 
-------
-------
-------
-------
-------
-------
30/09/2018 17:11:45 INFO CHAMPION
30/09/2018 17:11:45 INFO action: 4
30/09/2018 17:11:45 INFO pi : [0.14285714 0.20408163 0.10204082 0.08163265 0.16326531 0.2244898
 0.08163265]
30/09/2018 17:11:45 INFO MCTS perceived value for X: -0.08
30/09/2018 17:11:45 INFO NN perceived value for X: -0.08
30/09/2018 17:11:45 INFO ==========
30/09/2018 17:11:45 INFO 
-------
-------
-------
-------
-------
----X--
30/09/2018 17:11:46 INFO CHAMPION
30/09/2018 17:11:46 INFO action: 2
30/09/2018 17:11:46 INFO pi : [0.14035088 0.22807018 0.0877193  0.12280702 0.22807018 0.0877193
 0.10526316]
30/09/2018 17:11:46 INFO MCTS perceived value for O: 0.08
30/09/2018 17:11:46 INFO NN perceived value for O: 0.09
30/09/2018 17:11:46 INFO ==========
30/09/2018 17:11:46 INFO 
-------
-------
-------
-------
-------
--O-X--
30/09/2018 17:11:46 INFO CHAMPION
30/09/2018 17:11:46 INFO action: 0
30/09/2018 17:11:46 INFO pi : [0.16666667 0.12962963 0.16666667 0.16666667 0.11111111 0.14814815
 0.11111111]
30/09/2018 17:11:46 INFO MCTS perceived value for X: -0.08
30/09/2018 17:11:46 INFO NN perceived value for X: -0.06
30/09/2018 17:11:46 INFO ==========
30/09/2018 17:11:46 INFO 
-------
-------
-------
-------
-------
X-O-X--
30/09/2018 17:11:46 INFO CHAMPION
30/09/2018 17:11:46 INFO action: 4
30/09/2018 17:11:46 INFO pi : [0.10344828 0.18965517 0.13793103 0.10344828 0.15517241 0.13793103
 0.17241379]
30/09/2018 17:11:46 INFO MCTS perceived value for O: 0.07
30/09/2018 17:11:46 INFO NN perceived value for O: 0.1
30/09/2018 17:11:46 INFO ==========
30/09/2018 17:11:46 INFO 
-------
-------
-------
-------
----O--
X-O-X--
30/09/2018 17:11:46 INFO CHAMPION
30/09/2018 17:11:46 INFO action: 2
30/09/2018 17:11:46 INFO pi : [0.12068966 0.15517241 0.22413793 0.17241379 0.10344828 0.10344828
 0.12068966]
30/09/2018 17:11:46 INFO MCTS perceived value for X: -0.07
30/09/2018 17:11:46 INFO NN perceived value for X: -0.05
30/09/2018 17:11:46 INFO ==========
30/09/2018 17:11:46 INFO 
-------
-------
-------
-------
--X-O--
X-O-X--
30/09/2018 17:11:46 INFO CHAMPION
30/09/2018 17:11:46 INFO action: 0
30/09/2018 17:11:46 INFO pi : [0.16129032 0.16129032 0.16129032 0.12903226 0.12903226 0.14516129
 0.11290323]
30/09/2018 17:11:46 INFO MCTS perceived value for O: 0.08
30/09/2018 17:11:46 INFO NN perceived value for O: 0.1
30/09/2018 17:11:46 INFO ==========
30/09/2018 17:11:46 INFO 
-------
-------
-------
-------
O-X-O--
X-O-X--
30/09/2018 17:11:46 INFO CHAMPION
30/09/2018 17:11:46 INFO action: 1
30/09/2018 17:11:46 INFO pi : [0.15254237 0.10169492 0.15254237 0.15254237 0.13559322 0.16949153
 0.13559322]
30/09/2018 17:11:46 INFO MCTS perceived value for X: -0.09
30/09/2018 17:11:46 INFO NN perceived value for X: -0.08
30/09/2018 17:11:46 INFO ==========
30/09/2018 17:11:46 INFO 
-------
-------
-------
-------
O-X-O--
XXO-X--
30/09/2018 17:11:46 INFO CHAMPION
30/09/2018 17:11:46 INFO action: 3
30/09/2018 17:11:46 INFO pi : [0.2        0.16363636 0.09090909 0.10909091 0.2        0.12727273
 0.10909091]
30/09/2018 17:11:46 INFO MCTS perceived value for O: 0.09
30/09/2018 17:11:46 INFO NN perceived value for O: 0.08
30/09/2018 17:11:46 INFO ==========
30/09/2018 17:11:46 INFO 
-------
-------
-------
-------
O-X-O--
XXOOX--
30/09/2018 17:11:46 INFO CHAMPION
30/09/2018 17:11:46 INFO action: 1
30/09/2018 17:11:46 INFO pi : [0.16363636 0.23636364 0.12727273 0.10909091 0.10909091 0.12727273
 0.12727273]
30/09/2018 17:11:46 INFO MCTS perceived value for X: -0.08
30/09/2018 17:11:46 INFO NN perceived value for X: -0.1
30/09/2018 17:11:46 INFO ==========
30/09/2018 17:11:46 INFO 
-------
-------
-------
-------
OXX-O--
XXOOX--
30/09/2018 17:11:46 INFO CHAMPION
30/09/2018 17:11:46 INFO action: 4
30/09/2018 17:11:46 INFO pi : [0.16129032 0.12903226 0.14516129 0.16129032 0.12903226 0.11290323
 0.16129032]
30/09/2018 17:11:46 INFO MCTS perceived value for O: 0.08
30/09/2018 17:11:46 INFO NN perceived value for O: 0.08
30/09/2018 17:11:46 INFO ==========
30/09/2018 17:11:46 INFO 
-------
-------
-------
----O--
OXX-O--
XXOOX--
30/09/2018 17:11:46 INFO CHAMPION
30/09/2018 17:11:46 INFO action: 6
30/09/2018 17:11:46 INFO pi : [0.1754386  0.12280702 0.15789474 0.07017544 0.21052632 0.0877193
 0.1754386 ]
30/09/2018 17:11:46 INFO MCTS perceived value for X: -0.08
30/09/2018 17:11:46 INFO NN perceived value for X: -0.08
30/09/2018 17:11:46 INFO ==========
30/09/2018 17:11:46 INFO 
-------
-------
-------
----O--
OXX-O--
XXOOX-X
30/09/2018 17:11:46 INFO CHAMPION
30/09/2018 17:11:46 INFO action: 4
30/09/2018 17:11:46 INFO pi : [0.13559322 0.11864407 0.16949153 0.11864407 0.15254237 0.15254237
 0.15254237]
30/09/2018 17:11:46 INFO MCTS perceived value for O: 0.09
30/09/2018 17:11:46 INFO NN perceived value for O: 0.09
30/09/2018 17:11:46 INFO ==========
30/09/2018 17:11:46 INFO 
-------
-------
----O--
----O--
OXX-O--
XXOOX-X
30/09/2018 17:11:46 INFO CHAMPION
30/09/2018 17:11:46 INFO action: 4
30/09/2018 17:11:46 INFO pi : [0.12068966 0.13793103 0.12068966 0.15517241 0.20689655 0.10344828
 0.15517241]
30/09/2018 17:11:46 INFO MCTS perceived value for X: -0.1
30/09/2018 17:11:46 INFO NN perceived value for X: -0.11
30/09/2018 17:11:46 INFO ==========
30/09/2018 17:11:46 INFO 
-------
----X--
----O--
----O--
OXX-O--
XXOOX-X
30/09/2018 17:11:46 INFO CHAMPION
30/09/2018 17:11:46 INFO action: 4
30/09/2018 17:11:46 INFO pi : [0.19672131 0.13114754 0.14754098 0.13114754 0.13114754 0.18032787
 0.08196721]
30/09/2018 17:11:46 INFO MCTS perceived value for O: 0.1
30/09/2018 17:11:46 INFO NN perceived value for O: 0.1
30/09/2018 17:11:46 INFO ==========
30/09/2018 17:11:46 INFO 
----O--
----X--
----O--
----O--
OXX-O--
XXOOX-X
30/09/2018 17:11:46 INFO CHAMPION
30/09/2018 17:11:46 INFO action: 5
30/09/2018 17:11:46 INFO pi : [0.14035088 0.15789474 0.14035088 0.15789474 0.         0.15789474
 0.24561404]
30/09/2018 17:11:46 INFO MCTS perceived value for X: -0.1
30/09/2018 17:11:46 INFO NN perceived value for X: -0.11
30/09/2018 17:11:46 INFO ==========
30/09/2018 17:11:46 INFO 
----O--
----X--
----O--
----O--
OXX-O--
XXOOXXX
30/09/2018 17:11:47 INFO CHAMPION
30/09/2018 17:11:47 INFO action: 2
30/09/2018 17:11:47 INFO pi : [0.22413793 0.15517241 0.12068966 0.13793103 0.         0.18965517
 0.17241379]
30/09/2018 17:11:47 INFO MCTS perceived value for O: 0.11
30/09/2018 17:11:47 INFO NN perceived value for O: 0.08
30/09/2018 17:11:47 INFO ==========
30/09/2018 17:11:47 INFO 
----O--
----X--
----O--
--O-O--
OXX-O--
XXOOXXX
30/09/2018 17:11:47 INFO CHAMPION
30/09/2018 17:11:47 INFO action: 2
30/09/2018 17:11:47 INFO pi : [0.16071429 0.21428571 0.10714286 0.17857143 0.         0.16071429
 0.17857143]
30/09/2018 17:11:47 INFO MCTS perceived value for X: -0.1
30/09/2018 17:11:47 INFO NN perceived value for X: -0.11
30/09/2018 17:11:47 INFO ==========
30/09/2018 17:11:47 INFO 
----O--
----X--
--X-O--
--O-O--
OXX-O--
XXOOXXX
30/09/2018 17:11:47 INFO CHAMPION
30/09/2018 17:11:47 INFO action: 0
30/09/2018 17:11:47 INFO pi : [0.2        0.18181818 0.18181818 0.12727273 0.         0.16363636
 0.14545455]
30/09/2018 17:11:47 INFO MCTS perceived value for O: 0.1
30/09/2018 17:11:47 INFO NN perceived value for O: 0.09
30/09/2018 17:11:47 INFO ==========
30/09/2018 17:11:47 INFO 
----O--
----X--
--X-O--
O-O-O--
OXX-O--
XXOOXXX
30/09/2018 17:11:47 INFO CHAMPION
30/09/2018 17:11:47 INFO action: 5
30/09/2018 17:11:47 INFO pi : [0.11666667 0.18333333 0.16666667 0.2        0.         0.2
 0.13333333]
30/09/2018 17:11:47 INFO MCTS perceived value for X: -0.09
30/09/2018 17:11:47 INFO NN perceived value for X: -0.11
30/09/2018 17:11:47 INFO ==========
30/09/2018 17:11:47 INFO 
----O--
----X--
--X-O--
O-O-O--
OXX-OX-
XXOOXXX
30/09/2018 17:11:47 INFO CHAMPION
30/09/2018 17:11:47 INFO action: 1
30/09/2018 17:11:47 INFO pi : [0.29508197 0.13114754 0.16393443 0.13114754 0.         0.14754098
 0.13114754]
30/09/2018 17:11:47 INFO MCTS perceived value for O: 0.1
30/09/2018 17:11:47 INFO NN perceived value for O: 0.06
30/09/2018 17:11:47 INFO ==========
30/09/2018 17:11:47 INFO 
----O--
----X--
--X-O--
OOO-O--
OXX-OX-
XXOOXXX
30/09/2018 17:11:47 INFO CHAMPION
30/09/2018 17:11:47 INFO action: 0
30/09/2018 17:11:47 INFO pi : [0.19298246 0.1754386  0.15789474 0.12280702 0.         0.19298246
 0.15789474]
30/09/2018 17:11:47 INFO MCTS perceived value for X: -0.09
30/09/2018 17:11:47 INFO NN perceived value for X: -0.13
30/09/2018 17:11:47 INFO ==========
30/09/2018 17:11:47 INFO 
----O--
----X--
X-X-O--
OOO-O--
OXX-OX-
XXOOXXX
30/09/2018 17:11:47 INFO CHAMPION
30/09/2018 17:11:47 INFO action: 1
30/09/2018 17:11:47 INFO pi : [0.18333333 0.2        0.13333333 0.2        0.         0.11666667
 0.16666667]
30/09/2018 17:11:47 INFO MCTS perceived value for O: 0.09
30/09/2018 17:11:47 INFO NN perceived value for O: 0.07
30/09/2018 17:11:47 INFO ==========
30/09/2018 17:11:47 INFO 
----O--
----X--
XOX-O--
OOO-O--
OXX-OX-
XXOOXXX
30/09/2018 17:11:47 INFO CHAMPION
30/09/2018 17:11:47 INFO action: 0
30/09/2018 17:11:47 INFO pi : [0.24590164 0.14754098 0.13114754 0.1147541  0.         0.16393443
 0.19672131]
30/09/2018 17:11:47 INFO MCTS perceived value for X: -0.1
30/09/2018 17:11:47 INFO NN perceived value for X: -0.13
30/09/2018 17:11:47 INFO ==========
30/09/2018 17:11:47 INFO 
----O--
X---X--
XOX-O--
OOO-O--
OXX-OX-
XXOOXXX
30/09/2018 17:11:47 INFO CHAMPION
30/09/2018 17:11:47 INFO action: 6
30/09/2018 17:11:47 INFO pi : [0.171875 0.125    0.1875   0.15625  0.       0.140625 0.21875 ]
30/09/2018 17:11:47 INFO MCTS perceived value for O: 0.09
30/09/2018 17:11:47 INFO NN perceived value for O: 0.06
30/09/2018 17:11:47 INFO ==========
30/09/2018 17:11:47 INFO 
----O--
X---X--
XOX-O--
OOO-O--
OXX-OXO
XXOOXXX
30/09/2018 17:11:47 INFO CHAMPION
30/09/2018 17:11:47 INFO action: 6
30/09/2018 17:11:47 INFO pi : [0.15873016 0.19047619 0.15873016 0.12698413 0.         0.17460317
 0.19047619]
30/09/2018 17:11:47 INFO MCTS perceived value for X: -0.1
30/09/2018 17:11:47 INFO NN perceived value for X: -0.13
30/09/2018 17:11:47 INFO ==========
30/09/2018 17:11:47 INFO 
----O--
X---X--
XOX-O--
OOO-O-X
OXX-OXO
XXOOXXX
30/09/2018 17:11:47 INFO CHAMPION
30/09/2018 17:11:47 INFO action: 5
30/09/2018 17:11:47 INFO pi : [0.16393443 0.14754098 0.18032787 0.14754098 0.         0.19672131
 0.16393443]
30/09/2018 17:11:47 INFO MCTS perceived value for O: 0.1
30/09/2018 17:11:47 INFO NN perceived value for O: 0.08
30/09/2018 17:11:47 INFO ==========
30/09/2018 17:11:47 INFO 
----O--
X---X--
XOX-O--
OOO-OOX
OXX-OXO
XXOOXXX
30/09/2018 17:11:47 INFO CHAMPION
30/09/2018 17:11:47 INFO action: 6
30/09/2018 17:11:47 INFO pi : [0.1147541  0.1147541  0.13114754 0.14754098 0.         0.1147541
 0.37704918]
30/09/2018 17:11:47 INFO MCTS perceived value for X: -0.1
30/09/2018 17:11:47 INFO NN perceived value for X: -0.11
30/09/2018 17:11:47 INFO ==========
30/09/2018 17:11:47 INFO 
----O--
X---X--
XOX-O-X
OOO-OOX
OXX-OXO
XXOOXXX
30/09/2018 17:11:47 INFO CHAMPION
30/09/2018 17:11:47 INFO action: 6
30/09/2018 17:11:47 INFO pi : [0.19444444 0.19444444 0.16666667 0.09722222 0.         0.13888889
 0.20833333]
30/09/2018 17:11:47 INFO MCTS perceived value for O: 0.09
30/09/2018 17:11:47 INFO NN perceived value for O: 0.06
30/09/2018 17:11:47 INFO ==========
30/09/2018 17:11:47 INFO 
----O--
X---X-O
XOX-O-X
OOO-OOX
OXX-OXO
XXOOXXX
30/09/2018 17:11:47 INFO CHAMPION
30/09/2018 17:11:47 INFO action: 1
30/09/2018 17:11:47 INFO pi : [0.171875 0.21875  0.140625 0.125    0.       0.171875 0.171875]
30/09/2018 17:11:47 INFO MCTS perceived value for X: -0.1
30/09/2018 17:11:47 INFO NN perceived value for X: -0.14
30/09/2018 17:11:47 INFO ==========
30/09/2018 17:11:47 INFO 
----O--
XX--X-O
XOX-O-X
OOO-OOX
OXX-OXO
XXOOXXX
30/09/2018 17:11:47 INFO CHAMPION
30/09/2018 17:11:47 INFO action: 1
30/09/2018 17:11:47 INFO pi : [0.15873016 0.20634921 0.15873016 0.0952381  0.         0.19047619
 0.19047619]
30/09/2018 17:11:47 INFO MCTS perceived value for O: 0.11
30/09/2018 17:11:47 INFO NN perceived value for O: 0.04
30/09/2018 17:11:47 INFO ==========
30/09/2018 17:11:47 INFO 
-O--O--
XX--X-O
XOX-O-X
OOO-OOX
OXX-OXO
XXOOXXX
30/09/2018 17:11:47 INFO CHAMPION
30/09/2018 17:11:47 INFO action: 5
30/09/2018 17:11:47 INFO pi : [0.16129032 0.         0.24193548 0.11290323 0.         0.25806452
 0.22580645]
30/09/2018 17:11:47 INFO MCTS perceived value for X: -0.1
30/09/2018 17:11:47 INFO NN perceived value for X: -0.15
30/09/2018 17:11:47 INFO ==========
30/09/2018 17:11:47 INFO 
-O--O--
XX--X-O
XOX-OXX
OOO-OOX
OXX-OXO
XXOOXXX
30/09/2018 17:11:47 INFO CHAMPION
30/09/2018 17:11:47 INFO action: 3
30/09/2018 17:11:47 INFO pi : [0.21538462 0.         0.16923077 0.23076923 0.         0.2
 0.18461538]
30/09/2018 17:11:47 INFO MCTS perceived value for O: 0.07
30/09/2018 17:11:47 INFO NN perceived value for O: 0.02
30/09/2018 17:11:47 INFO ==========
30/09/2018 17:11:47 INFO 
-O--O--
XX--X-O
XOX-OXX
OOO-OOX
OXXOOXO
XXOOXXX
30/09/2018 17:11:48 INFO CHAMPION
30/09/2018 17:11:48 INFO action: 3
30/09/2018 17:11:48 INFO pi : [0.09375  0.       0.109375 0.59375  0.       0.09375  0.109375]
30/09/2018 17:11:48 INFO MCTS perceived value for X: 0.02
30/09/2018 17:11:48 INFO NN perceived value for X: -0.15
30/09/2018 17:11:48 INFO ==========
30/09/2018 17:11:48 INFO 
-O--O--
XX--X-O
XOX-OXX
OOOXOOX
OXXOOXO
XXOOXXX
30/09/2018 17:11:48 INFO CHAMPION
30/09/2018 17:11:48 INFO action: 0
30/09/2018 17:11:48 INFO pi : [0.83908046 0.         0.04597701 0.04597701 0.         0.03448276
 0.03448276]
30/09/2018 17:11:48 INFO MCTS perceived value for O: 0.07
30/09/2018 17:11:48 INFO NN perceived value for O: 0.03
30/09/2018 17:11:48 INFO ==========
30/09/2018 17:11:48 INFO 
OO--O--
XX--X-O
XOX-OXX
OOOXOOX
OXXOOXO
XXOOXXX
30/09/2018 17:11:48 INFO CHAMPION
30/09/2018 17:11:48 INFO action: 2
30/09/2018 17:11:48 INFO pi : [0.         0.         0.66393443 0.05737705 0.         0.14754098
 0.13114754]
30/09/2018 17:11:48 INFO MCTS perceived value for X: 0.23
30/09/2018 17:11:48 INFO NN perceived value for X: -0.15
30/09/2018 17:11:48 INFO ==========
30/09/2018 17:11:48 INFO 
OO--O--
XXX-X-O
XOX-OXX
OOOXOOX
OXXOOXO
XXOOXXX
30/09/2018 17:11:48 INFO CHAMPION
30/09/2018 17:11:48 INFO action: 5
30/09/2018 17:11:48 INFO pi : [0.         0.         0.23076923 0.10769231 0.         0.40769231
 0.25384615]
30/09/2018 17:11:48 INFO MCTS perceived value for O: -0.47
30/09/2018 17:11:48 INFO NN perceived value for O: 0.02
30/09/2018 17:11:48 INFO ==========
30/09/2018 17:11:48 INFO 
OO--O--
XXX-XOO
XOX-OXX
OOOXOOX
OXXOOXO
XXOOXXX
30/09/2018 17:11:48 INFO CHAMPION
30/09/2018 17:11:48 INFO action: 6
30/09/2018 17:11:48 INFO pi : [0.         0.         0.03921569 0.04901961 0.         0.04901961
 0.8627451 ]
30/09/2018 17:11:48 INFO MCTS perceived value for X: 0.87
30/09/2018 17:11:48 INFO NN perceived value for X: -0.16
30/09/2018 17:11:48 INFO ==========
30/09/2018 17:11:48 INFO 
OO--O-X
XXX-XOO
XOX-OXX
OOOXOOX
OXXOOXO
XXOOXXX
30/09/2018 17:11:48 INFO CHAMPION
30/09/2018 17:11:48 INFO action: 2
30/09/2018 17:11:48 INFO pi : [0.         0.         0.37410072 0.28776978 0.         0.3381295
 0.        ]
30/09/2018 17:11:48 INFO MCTS perceived value for O: -0.92
30/09/2018 17:11:48 INFO NN perceived value for O: 0.01
30/09/2018 17:11:48 INFO ==========
30/09/2018 17:11:48 INFO 
OOO-O-X
XXX-XOO
XOX-OXX
OOOXOOX
OXXOOXO
XXOOXXX
30/09/2018 17:11:48 INFO CHAMPION
30/09/2018 17:11:48 INFO action: 5
30/09/2018 17:11:48 INFO pi : [0.         0.         0.         0.01818182 0.         0.98181818
 0.        ]
30/09/2018 17:11:48 INFO MCTS perceived value for X: 0.98
30/09/2018 17:11:48 INFO NN perceived value for X: -0.17
30/09/2018 17:11:48 INFO ==========
30/09/2018 17:11:48 INFO 
OOO-OXX
XXX-XOO
XOX-OXX
OOOXOOX
OXXOOXO
XXOOXXX
30/09/2018 17:11:48 INFO CHAMPION
30/09/2018 17:11:48 INFO action: 3
30/09/2018 17:11:48 INFO pi : [0. 0. 0. 1. 0. 0. 0.]
30/09/2018 17:11:48 INFO MCTS perceived value for O: -0.99
30/09/2018 17:11:48 INFO NN perceived value for O: 0.02
30/09/2018 17:11:48 INFO ==========
30/09/2018 17:11:48 INFO 
OOO-OXX
XXX-XOO
XOXOOXX
OOOXOOX
OXXOOXO
XXOOXXX
30/09/2018 17:11:48 INFO CHAMPION
30/09/2018 17:11:48 INFO action: 3
30/09/2018 17:11:48 INFO pi : [0. 0. 0. 1. 0. 0. 0.]
30/09/2018 17:11:48 INFO MCTS perceived value for X: 1.0
30/09/2018 17:11:48 INFO NN perceived value for X: -0.15
30/09/2018 17:11:48 INFO ==========
30/09/2018 17:11:48 INFO 
OOO-OXX
XXXXXOO
XOXOOXX
OOOXOOX
OXXOOXO
XXOOXXX
30/09/2018 17:11:48 INFO GAME : 1, VALUE: -1, NAME : -1
30/09/2018 17:11:48 INFO XX WINS!
30/09/2018 17:11:48 INFO SP {'X': 5, 'O': 5}
30/09/2018 17:12:51 INFO ==========
30/09/2018 17:12:51 INFO SCORE : {'CONTENDER': 20, 'drawn': 2, 'CHAMPION': 18}
30/09/2018 17:12:51 INFO ==========
