30/09/2018 17:11:48 INFO ====================
30/09/2018 17:11:48 INFO NEW MEMORIES
30/09/2018 17:11:48 INFO ====================
30/09/2018 17:11:48 INFO MCTS VALUE FOR 
[[ 0.  0.  0.  0.  0.  0.  0.]
 [ 0.  0.  0.  0.  0.  0.  0.]
 [ 0.  0.  0.  0.  0.  0.  0.]
 [ 0.  0.  0.  0.  0.  0.  0.]
 [ 0.  0. -1.  0.  0.  0.  0.]
 [ 1.  0.  1.  0.  0.  0. -1.]]: -1.000000
30/09/2018 17:11:48 INFO CUR PRED VALUE FOR X: 0.990983
30/09/2018 17:11:48 INFO BEST PRED VALUE FOR X: -0.070181
30/09/2018 17:11:48 INFO THE MCTS ACTION VALUES: ['0.12', '0.21', '0.18', '0.11', '0.09', '0.16', '0.12']
30/09/2018 17:11:48 INFO CUR PRED ACTION VALUES: ['0.14', '0.14', '0.14', '0.14', '0.14', '0.14', '0.14']
30/09/2018 17:11:48 INFO BES PRED ACTION VALUES: ['0.14', '0.14', '0.14', '0.14', '0.14', '0.14', '0.14']
30/09/2018 17:11:48 INFO 
-------
-------
-------
-------
--O----
X-X---O
30/09/2018 17:11:48 INFO ****************************************************************************************************
30/09/2018 17:11:48 INFO MCTS VALUE FOR 
[[ 0.  0.  0.  0.  0.  0.  0.]
 [ 0.  0.  0.  0.  0.  0.  0.]
 [ 1. -1.  1.  0.  0.  0.  0.]
 [ 1.  1. -1.  0.  0.  0.  0.]
 [ 1.  1. -1.  0.  0.  0. -1.]
 [-1.  1. -1. -1.  1. -1.  1.]]: -1.000000
30/09/2018 17:11:48 INFO CUR PRED VALUE FOR O: -0.082739
30/09/2018 17:11:48 INFO BEST PRED VALUE FOR O: 0.066578
30/09/2018 17:11:48 INFO THE MCTS ACTION VALUES: ['0.75', '0.04', '0.04', '0.04', '0.04', '0.04', '0.04']
30/09/2018 17:11:48 INFO CUR PRED ACTION VALUES: ['0.15', '0.14', '0.14', '0.15', '0.14', '0.14', '0.14']
30/09/2018 17:11:48 INFO BES PRED ACTION VALUES: ['0.14', '0.14', '0.14', '0.14', '0.14', '0.14', '0.14']
30/09/2018 17:11:48 INFO 
-------
-------
XOX----
XXO----
XXO---O
OXOOXOX
30/09/2018 17:11:48 INFO ****************************************************************************************************
30/09/2018 17:11:48 INFO MCTS VALUE FOR 
[[0. 0. 0. 0. 0. 0. 0.]
 [0. 0. 0. 0. 0. 0. 0.]
 [0. 0. 0. 0. 0. 0. 0.]
 [0. 0. 0. 0. 0. 0. 0.]
 [0. 0. 0. 0. 0. 0. 0.]
 [0. 0. 0. 0. 1. 0. 0.]]: 1.000000
30/09/2018 17:11:48 INFO CUR PRED VALUE FOR O: 0.294945
30/09/2018 17:11:48 INFO BEST PRED VALUE FOR O: 0.078704
30/09/2018 17:11:48 INFO THE MCTS ACTION VALUES: ['0.18', '0.14', '0.16', '0.14', '0.12', '0.14', '0.12']
30/09/2018 17:11:48 INFO CUR PRED ACTION VALUES: ['0.14', '0.14', '0.14', '0.14', '0.14', '0.14', '0.14']
30/09/2018 17:11:48 INFO BES PRED ACTION VALUES: ['0.14', '0.14', '0.14', '0.14', '0.14', '0.14', '0.14']
30/09/2018 17:11:48 INFO 
-------
-------
-------
-------
-------
----X--
30/09/2018 17:11:48 INFO ****************************************************************************************************
30/09/2018 17:11:48 INFO MCTS VALUE FOR 
[[ 0.  0.  0.  0.  0.  0.  0.]
 [ 0.  0.  0.  0.  0.  0.  0.]
 [ 0.  0.  0.  0.  0.  0.  0.]
 [ 0.  0.  0.  0.  0.  0.  0.]
 [ 0.  0.  0.  0.  0.  0.  0.]
 [ 1.  0. -1.  0.  1.  0.  0.]]: -1.000000
30/09/2018 17:11:48 INFO CUR PRED VALUE FOR O: 0.050582
30/09/2018 17:11:48 INFO BEST PRED VALUE FOR O: 0.057786
30/09/2018 17:11:48 INFO THE MCTS ACTION VALUES: ['0.10', '0.19', '0.14', '0.10', '0.16', '0.14', '0.17']
30/09/2018 17:11:48 INFO CUR PRED ACTION VALUES: ['0.15', '0.14', '0.14', '0.14', '0.14', '0.14', '0.15']
30/09/2018 17:11:48 INFO BES PRED ACTION VALUES: ['0.14', '0.14', '0.14', '0.14', '0.14', '0.14', '0.14']
30/09/2018 17:11:48 INFO 
-------
-------
-------
-------
-------
X-O-X--
30/09/2018 17:11:48 INFO ****************************************************************************************************
30/09/2018 17:11:48 INFO MCTS VALUE FOR 
[[ 0.  0. -1.  0.  0.  0.  0.]
 [ 0.  0.  1.  0.  0.  0.  0.]
 [ 0.  0. -1.  0.  1.  0.  0.]
 [ 0.  0. -1.  0. -1. -1. -1.]
 [ 0.  1. -1.  0.  1.  1. -1.]
 [ 1.  1.  1. -1. -1.  1.  1.]]: 1.000000
30/09/2018 17:11:48 INFO CUR PRED VALUE FOR X: 0.990344
30/09/2018 17:11:48 INFO BEST PRED VALUE FOR X: -0.041354
30/09/2018 17:11:48 INFO THE MCTS ACTION VALUES: ['0.16', '0.19', '0.00', '0.12', '0.16', '0.18', '0.19']
30/09/2018 17:11:48 INFO CUR PRED ACTION VALUES: ['0.15', '0.15', '0.14', '0.15', '0.14', '0.14', '0.14']
30/09/2018 17:11:48 INFO BES PRED ACTION VALUES: ['0.14', '0.14', '0.14', '0.14', '0.14', '0.14', '0.14']
30/09/2018 17:11:48 INFO 
--O----
--X----
--O-X--
--O-OOO
-XO-XXO
XXXOOXX
30/09/2018 17:11:48 INFO ****************************************************************************************************
30/09/2018 17:11:48 INFO MCTS VALUE FOR 
[[ 0.  0.  0.  0.  0.  0.  0.]
 [ 0.  0.  0. -1.  0.  0.  0.]
 [-1.  0.  0.  1.  0.  0.  0.]
 [ 1.  0.  0. -1.  0.  0.  0.]
 [-1.  1.  0. -1. -1.  1.  0.]
 [ 1.  1. -1.  1. -1.  1.  0.]]: 1.000000
30/09/2018 17:11:48 INFO CUR PRED VALUE FOR X: 0.987004
30/09/2018 17:11:48 INFO BEST PRED VALUE FOR X: -0.050456
30/09/2018 17:11:48 INFO THE MCTS ACTION VALUES: ['0.13', '0.15', '0.12', '0.13', '0.15', '0.20', '0.12']
30/09/2018 17:11:48 INFO CUR PRED ACTION VALUES: ['0.15', '0.14', '0.14', '0.14', '0.14', '0.14', '0.14']
30/09/2018 17:11:48 INFO BES PRED ACTION VALUES: ['0.14', '0.14', '0.14', '0.14', '0.14', '0.14', '0.14']
30/09/2018 17:11:48 INFO 
-------
---O---
O--X---
X--O---
OX-OOX-
XXOXOX-
30/09/2018 17:11:48 INFO ****************************************************************************************************
30/09/2018 17:11:48 INFO MCTS VALUE FOR 
[[ 0.  0.  0.  0.  0.  0.  0.]
 [ 0.  0.  0.  0.  0.  0.  0.]
 [-1.  1.  0.  0.  0.  0.  0.]
 [-1.  1.  0.  0.  0.  0.  0.]
 [ 1. -1. -1.  1.  0. -1.  0.]
 [ 1.  1.  1. -1.  1. -1.  0.]]: 1.000000
30/09/2018 17:11:48 INFO CUR PRED VALUE FOR O: 0.728451
30/09/2018 17:11:48 INFO BEST PRED VALUE FOR O: 0.034703
30/09/2018 17:11:48 INFO THE MCTS ACTION VALUES: ['0.12', '0.12', '0.30', '0.11', '0.11', '0.12', '0.12']
30/09/2018 17:11:48 INFO CUR PRED ACTION VALUES: ['0.14', '0.15', '0.14', '0.14', '0.14', '0.14', '0.14']
30/09/2018 17:11:48 INFO BES PRED ACTION VALUES: ['0.14', '0.14', '0.14', '0.14', '0.14', '0.14', '0.14']
30/09/2018 17:11:48 INFO 
-------
-------
OX-----
OX-----
XOOX-O-
XXXOXO-
30/09/2018 17:11:48 INFO ****************************************************************************************************
30/09/2018 17:11:48 INFO MCTS VALUE FOR 
[[ 0.  0.  0.  0.  0.  0.  0.]
 [ 0.  0.  0.  0.  0.  0.  0.]
 [ 0.  0.  0.  0.  0.  0.  0.]
 [ 0.  0.  0.  0.  0.  0.  0.]
 [ 0.  1.  0.  0.  0.  0.  0.]
 [ 0. -1.  0.  0.  0.  0.  1.]]: -1.000000
30/09/2018 17:11:48 INFO CUR PRED VALUE FOR O: 0.200274
30/09/2018 17:11:48 INFO BEST PRED VALUE FOR O: 0.076785
30/09/2018 17:11:48 INFO THE MCTS ACTION VALUES: ['0.11', '0.18', '0.18', '0.14', '0.11', '0.18', '0.11']
30/09/2018 17:11:48 INFO CUR PRED ACTION VALUES: ['0.15', '0.14', '0.14', '0.14', '0.14', '0.14', '0.14']
30/09/2018 17:11:48 INFO BES PRED ACTION VALUES: ['0.14', '0.14', '0.14', '0.14', '0.14', '0.14', '0.14']
30/09/2018 17:11:48 INFO 
-------
-------
-------
-------
-X-----
-O----X
30/09/2018 17:11:48 INFO ****************************************************************************************************
30/09/2018 17:11:48 INFO MCTS VALUE FOR 
[[ 0.  0.  0.  0. -1.  0.  0.]
 [ 1.  0.  0.  0.  1.  0.  0.]
 [ 1. -1.  1.  0. -1.  0.  0.]
 [-1. -1. -1.  0. -1. -1.  1.]
 [-1.  1.  1.  0. -1.  1. -1.]
 [ 1.  1. -1. -1.  1.  1.  1.]]: 1.000000
30/09/2018 17:11:48 INFO CUR PRED VALUE FOR X: 0.988248
30/09/2018 17:11:48 INFO BEST PRED VALUE FOR X: -0.077840
30/09/2018 17:11:48 INFO THE MCTS ACTION VALUES: ['0.11', '0.11', '0.13', '0.15', '0.00', '0.11', '0.38']
30/09/2018 17:11:48 INFO CUR PRED ACTION VALUES: ['0.15', '0.14', '0.14', '0.15', '0.14', '0.15', '0.15']
30/09/2018 17:11:48 INFO BES PRED ACTION VALUES: ['0.14', '0.14', '0.14', '0.14', '0.14', '0.15', '0.14']
30/09/2018 17:11:48 INFO 
----O--
X---X--
XOX-O--
OOO-OOX
OXX-OXO
XXOOXXX
30/09/2018 17:11:48 INFO ****************************************************************************************************
30/09/2018 17:11:48 INFO MCTS VALUE FOR 
[[ 0.  0.  0.  0. -1.  0.  0.]
 [ 0.  0.  0.  0.  1.  0. -1.]
 [ 0.  0.  0.  0.  1.  0.  1.]
 [ 0.  0.  0. -1.  1.  0. -1.]
 [ 1.  1.  0.  1. -1. -1.  1.]
 [-1.  1.  0.  1. -1. -1. -1.]]: 1.000000
30/09/2018 17:11:48 INFO CUR PRED VALUE FOR X: 0.993095
30/09/2018 17:11:48 INFO BEST PRED VALUE FOR X: -0.082187
30/09/2018 17:11:48 INFO THE MCTS ACTION VALUES: ['0.21', '0.16', '0.15', '0.11', '0.00', '0.13', '0.23']
30/09/2018 17:11:48 INFO CUR PRED ACTION VALUES: ['0.14', '0.14', '0.15', '0.14', '0.14', '0.14', '0.14']
30/09/2018 17:11:48 INFO BES PRED ACTION VALUES: ['0.14', '0.14', '0.14', '0.14', '0.14', '0.14', '0.14']
30/09/2018 17:11:48 INFO 
----O--
----X-O
----X-X
---OX-O
XX-XOOX
OX-XOOO
30/09/2018 17:11:48 INFO ****************************************************************************************************
30/09/2018 17:11:48 INFO MCTS VALUE FOR 
[[ 0.  0.  0.  0.  0.  0.  0.]
 [ 0.  0.  0.  0.  0.  0. -1.]
 [ 0.  0.  0.  0.  1. -1.  1.]
 [ 0.  0.  0.  0. -1.  1.  1.]
 [-1.  0.  0.  0. -1.  1.  1.]
 [ 1. -1.  1. -1. -1.  1. -1.]]: 1.000000
30/09/2018 17:11:48 INFO CUR PRED VALUE FOR X: 0.990908
30/09/2018 17:11:48 INFO BEST PRED VALUE FOR X: -0.039045
30/09/2018 17:11:48 INFO THE MCTS ACTION VALUES: ['0.11', '0.11', '0.10', '0.40', '0.10', '0.11', '0.09']
30/09/2018 17:11:48 INFO CUR PRED ACTION VALUES: ['0.14', '0.14', '0.15', '0.14', '0.14', '0.14', '0.14']
30/09/2018 17:11:48 INFO BES PRED ACTION VALUES: ['0.14', '0.14', '0.14', '0.14', '0.14', '0.15', '0.14']
30/09/2018 17:11:48 INFO 
-------
------O
----XOX
----OXX
O---OXX
XOXOOXO
30/09/2018 17:11:48 INFO ****************************************************************************************************
30/09/2018 17:11:48 INFO MCTS VALUE FOR 
[[ 0.  0.  0.  0.  0.  0.  0.]
 [ 0.  0.  0.  0.  0.  0.  0.]
 [ 0. -1.  1.  0.  0.  0.  0.]
 [ 1.  1. -1.  0.  0.  0.  0.]
 [ 1.  1. -1.  0.  0.  0. -1.]
 [-1.  1. -1. -1.  1. -1.  1.]]: 1.000000
30/09/2018 17:11:48 INFO CUR PRED VALUE FOR X: 0.989690
30/09/2018 17:11:48 INFO BEST PRED VALUE FOR X: -0.116284
30/09/2018 17:11:48 INFO THE MCTS ACTION VALUES: ['0.32', '0.13', '0.08', '0.11', '0.12', '0.13', '0.11']
30/09/2018 17:11:48 INFO CUR PRED ACTION VALUES: ['0.15', '0.14', '0.14', '0.14', '0.14', '0.14', '0.14']
30/09/2018 17:11:48 INFO BES PRED ACTION VALUES: ['0.14', '0.14', '0.14', '0.14', '0.14', '0.14', '0.14']
30/09/2018 17:11:48 INFO 
-------
-------
-OX----
XXO----
XXO---O
OXOOXOX
30/09/2018 17:11:48 INFO ****************************************************************************************************
30/09/2018 17:11:48 INFO MCTS VALUE FOR 
[[0. 0. 0. 0. 0. 0. 0.]
 [0. 0. 0. 0. 0. 0. 0.]
 [0. 0. 0. 0. 0. 0. 0.]
 [0. 0. 0. 0. 0. 0. 0.]
 [0. 0. 0. 0. 0. 0. 0.]
 [0. 0. 1. 0. 0. 0. 0.]]: 1.000000
30/09/2018 17:11:48 INFO CUR PRED VALUE FOR O: 0.432969
30/09/2018 17:11:48 INFO BEST PRED VALUE FOR O: 0.085077
30/09/2018 17:11:48 INFO THE MCTS ACTION VALUES: ['0.14', '0.12', '0.09', '0.16', '0.09', '0.20', '0.20']
30/09/2018 17:11:48 INFO CUR PRED ACTION VALUES: ['0.14', '0.15', '0.14', '0.14', '0.14', '0.14', '0.14']
30/09/2018 17:11:48 INFO BES PRED ACTION VALUES: ['0.14', '0.14', '0.14', '0.14', '0.14', '0.14', '0.14']
30/09/2018 17:11:48 INFO 
-------
-------
-------
-------
-------
--X----
30/09/2018 17:11:48 INFO ****************************************************************************************************
30/09/2018 17:11:48 INFO MCTS VALUE FOR 
[[ 0.  0.  0. -1.  0.  0.  0.]
 [ 1.  0.  0. -1.  0.  0.  0.]
 [-1.  0.  0.  1.  0.  0.  0.]
 [ 1. -1.  0. -1.  1.  0.  0.]
 [-1.  1.  0. -1. -1.  1.  1.]
 [ 1.  1. -1.  1. -1.  1. -1.]]: 1.000000
30/09/2018 17:11:48 INFO CUR PRED VALUE FOR X: 0.988697
30/09/2018 17:11:48 INFO BEST PRED VALUE FOR X: -0.028622
30/09/2018 17:11:48 INFO THE MCTS ACTION VALUES: ['0.10', '0.18', '0.13', '0.00', '0.18', '0.23', '0.19']
30/09/2018 17:11:48 INFO CUR PRED ACTION VALUES: ['0.14', '0.14', '0.15', '0.14', '0.14', '0.14', '0.15']
30/09/2018 17:11:48 INFO BES PRED ACTION VALUES: ['0.14', '0.14', '0.14', '0.14', '0.14', '0.15', '0.14']
30/09/2018 17:11:48 INFO 
---O---
X--O---
O--X---
XO-OX--
OX-OOXX
XXOXOXO
30/09/2018 17:11:48 INFO ****************************************************************************************************
30/09/2018 17:11:48 INFO MCTS VALUE FOR 
[[ 0.  0.  0.  0.  0.  0.  0.]
 [ 0.  0.  0.  0.  0.  0.  0.]
 [ 0.  0.  0.  0.  0.  0.  0.]
 [ 0.  0.  0.  0.  0.  0.  0.]
 [ 1.  0.  0.  0.  0.  0.  0.]
 [ 1. -1. -1.  0.  0.  1.  0.]]: 1.000000
30/09/2018 17:11:48 INFO CUR PRED VALUE FOR O: 0.252046
30/09/2018 17:11:48 INFO BEST PRED VALUE FOR O: 0.073648
30/09/2018 17:11:48 INFO THE MCTS ACTION VALUES: ['0.10', '0.21', '0.14', '0.16', '0.14', '0.10', '0.16']
30/09/2018 17:11:48 INFO CUR PRED ACTION VALUES: ['0.14', '0.15', '0.14', '0.14', '0.14', '0.14', '0.14']
30/09/2018 17:11:48 INFO BES PRED ACTION VALUES: ['0.14', '0.14', '0.14', '0.14', '0.14', '0.14', '0.14']
30/09/2018 17:11:48 INFO 
-------
-------
-------
-------
X------
XOO--X-
30/09/2018 17:11:48 INFO ****************************************************************************************************
30/09/2018 17:11:48 INFO MCTS VALUE FOR 
[[ 0.  0.  0.  0.  0.  0.  0.]
 [ 0.  0.  0.  0.  0.  0.  0.]
 [ 0.  0.  0.  0.  0.  0.  0.]
 [ 0.  0.  0.  0.  0.  0.  0.]
 [ 0.  0.  0.  0.  0.  0.  0.]
 [ 0.  0.  0.  1.  0.  1. -1.]]: 1.000000
30/09/2018 17:11:48 INFO CUR PRED VALUE FOR O: 0.336214
30/09/2018 17:11:48 INFO BEST PRED VALUE FOR O: 0.094902
30/09/2018 17:11:48 INFO THE MCTS ACTION VALUES: ['0.20', '0.09', '0.14', '0.18', '0.11', '0.18', '0.11']
30/09/2018 17:11:48 INFO CUR PRED ACTION VALUES: ['0.14', '0.15', '0.14', '0.14', '0.14', '0.14', '0.14']
30/09/2018 17:11:48 INFO BES PRED ACTION VALUES: ['0.14', '0.14', '0.14', '0.14', '0.14', '0.14', '0.14']
30/09/2018 17:11:48 INFO 
-------
-------
-------
-------
-------
---X-XO
30/09/2018 17:11:48 INFO ****************************************************************************************************
30/09/2018 17:11:48 INFO MCTS VALUE FOR 
[[ 0.  0.  0.  0.  0.  0.  0.]
 [ 0.  0.  0.  0.  0.  0.  0.]
 [ 0.  0.  0.  0.  0.  0.  0.]
 [-1.  0.  0.  0.  0.  0.  0.]
 [ 1.  0. -1.  0.  0.  0.  0.]
 [ 1.  0.  1.  0.  1. -1.  0.]]: 1.000000
30/09/2018 17:11:48 INFO CUR PRED VALUE FOR O: 0.596662
30/09/2018 17:11:48 INFO BEST PRED VALUE FOR O: 0.050236
30/09/2018 17:11:48 INFO THE MCTS ACTION VALUES: ['0.17', '0.10', '0.15', '0.12', '0.22', '0.15', '0.08']
30/09/2018 17:11:48 INFO CUR PRED ACTION VALUES: ['0.14', '0.15', '0.14', '0.14', '0.14', '0.15', '0.14']
30/09/2018 17:11:48 INFO BES PRED ACTION VALUES: ['0.14', '0.14', '0.14', '0.14', '0.14', '0.14', '0.14']
30/09/2018 17:11:48 INFO 
-------
-------
-------
O------
X-O----
X-X-XO-
30/09/2018 17:11:48 INFO ****************************************************************************************************
30/09/2018 17:11:48 INFO MCTS VALUE FOR 
[[ 0.  0.  0.  0.  0.  0.  0.]
 [ 0.  0.  0.  0.  0.  0.  0.]
 [ 0.  0.  0.  0.  0.  0.  0.]
 [ 0.  0.  0.  0.  0.  0.  0.]
 [-1.  0.  1.  0. -1.  0.  0.]
 [ 1.  1. -1. -1.  1.  0.  0.]]: 1.000000
30/09/2018 17:11:48 INFO CUR PRED VALUE FOR X: 0.989250
30/09/2018 17:11:48 INFO BEST PRED VALUE FOR X: -0.082498
30/09/2018 17:11:48 INFO THE MCTS ACTION VALUES: ['0.16', '0.24', '0.13', '0.11', '0.11', '0.13', '0.13']
30/09/2018 17:11:48 INFO CUR PRED ACTION VALUES: ['0.14', '0.14', '0.14', '0.14', '0.14', '0.14', '0.14']
30/09/2018 17:11:48 INFO BES PRED ACTION VALUES: ['0.14', '0.14', '0.14', '0.14', '0.14', '0.14', '0.14']
30/09/2018 17:11:48 INFO 
-------
-------
-------
-------
O-X-O--
XXOOX--
30/09/2018 17:11:48 INFO ****************************************************************************************************
30/09/2018 17:11:48 INFO MCTS VALUE FOR 
[[ 0.  0.  0.  0.  0.  0.  0.]
 [ 0.  0.  0.  0.  0.  0.  0.]
 [ 0.  0.  0.  0.  0.  0.  0.]
 [ 0.  0.  0.  0.  0.  0.  0.]
 [ 0.  0.  0.  0.  0.  0.  0.]
 [ 0.  0.  0.  0. -1.  1.  0.]]: 1.000000
30/09/2018 17:11:48 INFO CUR PRED VALUE FOR X: 0.990895
30/09/2018 17:11:48 INFO BEST PRED VALUE FOR X: -0.070951
30/09/2018 17:11:48 INFO THE MCTS ACTION VALUES: ['0.14', '0.16', '0.12', '0.09', '0.14', '0.16', '0.18']
30/09/2018 17:11:48 INFO CUR PRED ACTION VALUES: ['0.15', '0.14', '0.14', '0.14', '0.14', '0.14', '0.14']
30/09/2018 17:11:48 INFO BES PRED ACTION VALUES: ['0.14', '0.14', '0.14', '0.14', '0.14', '0.14', '0.14']
30/09/2018 17:11:48 INFO 
-------
-------
-------
-------
-------
----OX-
30/09/2018 17:11:48 INFO ****************************************************************************************************
30/09/2018 17:11:48 INFO MCTS VALUE FOR 
[[ 0.  0.  0.  0.  0.  0.  0.]
 [ 0.  0.  0.  0.  0.  0.  0.]
 [ 0.  0.  0.  0.  0.  0.  0.]
 [ 0.  0.  0.  0.  0.  0.  0.]
 [ 1.  0.  0.  0.  0.  0.  0.]
 [-1.  1. -1.  0.  1. -1.  1.]]: -1.000000
30/09/2018 17:11:48 INFO CUR PRED VALUE FOR O: 0.205771
30/09/2018 17:11:48 INFO BEST PRED VALUE FOR O: 0.073773
30/09/2018 17:11:48 INFO THE MCTS ACTION VALUES: ['0.16', '0.12', '0.21', '0.14', '0.16', '0.12', '0.10']
30/09/2018 17:11:48 INFO CUR PRED ACTION VALUES: ['0.15', '0.14', '0.14', '0.14', '0.14', '0.14', '0.14']
30/09/2018 17:11:48 INFO BES PRED ACTION VALUES: ['0.14', '0.14', '0.14', '0.14', '0.14', '0.14', '0.14']
30/09/2018 17:11:48 INFO 
-------
-------
-------
-------
X------
OXO-XOX
30/09/2018 17:11:48 INFO ****************************************************************************************************
30/09/2018 17:11:48 INFO MCTS VALUE FOR 
[[ 0.  0.  0.  0.  0.  0.  0.]
 [ 0.  0.  0.  0.  0.  0.  0.]
 [ 0.  0.  0.  0.  0.  0.  0.]
 [ 0.  0.  0.  0.  0.  0.  0.]
 [ 0.  0.  0.  0.  0.  0.  0.]
 [-1.  1.  0.  1.  0.  0. -1.]]: 1.000000
30/09/2018 17:11:48 INFO CUR PRED VALUE FOR X: 0.991688
30/09/2018 17:11:48 INFO BEST PRED VALUE FOR X: -0.077799
30/09/2018 17:11:48 INFO THE MCTS ACTION VALUES: ['0.17', '0.10', '0.10', '0.15', '0.15', '0.15', '0.18']
30/09/2018 17:11:48 INFO CUR PRED ACTION VALUES: ['0.15', '0.14', '0.14', '0.14', '0.14', '0.14', '0.14']
30/09/2018 17:11:48 INFO BES PRED ACTION VALUES: ['0.14', '0.14', '0.14', '0.14', '0.14', '0.14', '0.14']
30/09/2018 17:11:48 INFO 
-------
-------
-------
-------
-------
OX-X--O
30/09/2018 17:11:48 INFO ****************************************************************************************************
30/09/2018 17:11:48 INFO MCTS VALUE FOR 
[[0. 0. 0. 0. 0. 0. 0.]
 [0. 0. 0. 0. 0. 0. 0.]
 [0. 0. 0. 0. 0. 0. 0.]
 [0. 0. 0. 0. 0. 0. 0.]
 [0. 0. 0. 0. 0. 0. 0.]
 [0. 0. 0. 0. 0. 0. 0.]]: 1.000000
30/09/2018 17:11:48 INFO CUR PRED VALUE FOR X: 0.990761
30/09/2018 17:11:48 INFO BEST PRED VALUE FOR X: -0.080786
30/09/2018 17:11:48 INFO THE MCTS ACTION VALUES: ['0.14', '0.16', '0.08', '0.18', '0.10', '0.16', '0.16']
30/09/2018 17:11:48 INFO CUR PRED ACTION VALUES: ['0.15', '0.14', '0.14', '0.14', '0.14', '0.14', '0.14']
30/09/2018 17:11:48 INFO BES PRED ACTION VALUES: ['0.14', '0.14', '0.14', '0.14', '0.14', '0.14', '0.14']
30/09/2018 17:11:48 INFO 
-------
-------
-------
-------
-------
-------
30/09/2018 17:11:48 INFO ****************************************************************************************************
30/09/2018 17:11:48 INFO MCTS VALUE FOR 
[[ 0.  0.  0.  0.  0.  0.  0.]
 [ 0.  0.  0.  0.  0.  0.  0.]
 [ 0.  0.  0.  0.  0.  0.  0.]
 [ 0.  0.  0.  0.  1.  0. -1.]
 [ 0.  1.  0.  1. -1.  0.  1.]
 [-1.  1.  0.  1. -1.  0. -1.]]: 1.000000
30/09/2018 17:11:48 INFO CUR PRED VALUE FOR O: 0.549124
30/09/2018 17:11:48 INFO BEST PRED VALUE FOR O: 0.099414
30/09/2018 17:11:48 INFO THE MCTS ACTION VALUES: ['0.21', '0.14', '0.12', '0.16', '0.12', '0.14', '0.12']
30/09/2018 17:11:48 INFO CUR PRED ACTION VALUES: ['0.14', '0.15', '0.14', '0.14', '0.14', '0.15', '0.14']
30/09/2018 17:11:48 INFO BES PRED ACTION VALUES: ['0.14', '0.14', '0.14', '0.14', '0.14', '0.14', '0.14']
30/09/2018 17:11:48 INFO 
-------
-------
-------
----X-O
-X-XO-X
OX-XO-O
30/09/2018 17:11:48 INFO ****************************************************************************************************
30/09/2018 17:11:48 INFO MCTS VALUE FOR 
[[ 0.  0.  0. -1.  0.  0.  0.]
 [ 1.  0.  0. -1. -1.  1. -1.]
 [-1. -1.  0.  1.  1. -1.  1.]
 [ 1. -1.  0. -1.  1.  1.  1.]
 [-1.  1.  0. -1. -1.  1.  1.]
 [ 1.  1. -1.  1. -1.  1. -1.]]: -1.000000
30/09/2018 17:11:48 INFO CUR PRED VALUE FOR O: -0.547604
30/09/2018 17:11:48 INFO BEST PRED VALUE FOR O: 0.095868
30/09/2018 17:11:48 INFO THE MCTS ACTION VALUES: ['0.15', '0.34', '0.07', '0.00', '0.14', '0.15', '0.15']
30/09/2018 17:11:48 INFO CUR PRED ACTION VALUES: ['0.15', '0.14', '0.15', '0.13', '0.14', '0.15', '0.14']
30/09/2018 17:11:48 INFO BES PRED ACTION VALUES: ['0.14', '0.14', '0.14', '0.14', '0.14', '0.14', '0.14']
30/09/2018 17:11:48 INFO 
---O---
X--OOXO
OO-XXOX
XO-OXXX
OX-OOXX
XXOXOXO
30/09/2018 17:11:48 INFO ****************************************************************************************************
30/09/2018 17:11:48 INFO MCTS VALUE FOR 
[[ 0.  0.  0.  0.  0.  0.  0.]
 [ 0.  0.  0.  0.  0.  0.  0.]
 [ 0.  0.  0.  0.  0.  0.  0.]
 [ 0.  0.  0.  0.  0.  0.  0.]
 [ 0.  0.  0.  0. -1.  0.  1.]
 [ 0. -1.  0.  0.  1.  0.  1.]]: 1.000000
30/09/2018 17:11:48 INFO CUR PRED VALUE FOR O: 0.387971
30/09/2018 17:11:48 INFO BEST PRED VALUE FOR O: 0.064083
30/09/2018 17:11:48 INFO THE MCTS ACTION VALUES: ['0.15', '0.15', '0.08', '0.14', '0.17', '0.14', '0.17']
30/09/2018 17:11:48 INFO CUR PRED ACTION VALUES: ['0.14', '0.15', '0.14', '0.14', '0.14', '0.14', '0.14']
30/09/2018 17:11:48 INFO BES PRED ACTION VALUES: ['0.14', '0.14', '0.14', '0.14', '0.14', '0.14', '0.14']
30/09/2018 17:11:48 INFO 
-------
-------
-------
-------
----O-X
-O--X-X
30/09/2018 17:11:48 INFO ****************************************************************************************************
30/09/2018 17:11:48 INFO MCTS VALUE FOR 
[[ 0.  0.  0.  0.  0.  0.  0.]
 [ 0.  0.  0.  0.  0.  0.  0.]
 [ 0.  0.  0.  0.  0.  0.  0.]
 [ 0.  0.  0.  0.  0.  0.  0.]
 [ 0.  0.  0.  0.  0.  0.  0.]
 [ 1.  0. -1.  0.  0.  0.  0.]]: 1.000000
30/09/2018 17:11:48 INFO CUR PRED VALUE FOR X: 0.989868
30/09/2018 17:11:48 INFO BEST PRED VALUE FOR X: -0.089178
30/09/2018 17:11:48 INFO THE MCTS ACTION VALUES: ['0.12', '0.18', '0.09', '0.14', '0.09', '0.21', '0.16']
30/09/2018 17:11:48 INFO CUR PRED ACTION VALUES: ['0.14', '0.14', '0.14', '0.14', '0.14', '0.14', '0.14']
30/09/2018 17:11:48 INFO BES PRED ACTION VALUES: ['0.14', '0.14', '0.14', '0.14', '0.14', '0.14', '0.14']
30/09/2018 17:11:48 INFO 
-------
-------
-------
-------
-------
X-O----
30/09/2018 17:11:48 INFO ****************************************************************************************************
30/09/2018 17:11:48 INFO MCTS VALUE FOR 
[[ 0.  1.  0.  0.  0.  0.  0.]
 [ 0.  1.  0.  0.  0.  0.  0.]
 [ 0. -1.  0.  0.  0.  0.  0.]
 [ 0. -1.  0.  0.  0.  0.  0.]
 [ 0.  1.  0. -1.  0.  0.  0.]
 [ 0. -1. -1.  1.  0.  0.  1.]]: 1.000000
30/09/2018 17:11:48 INFO CUR PRED VALUE FOR X: 0.989089
30/09/2018 17:11:48 INFO BEST PRED VALUE FOR X: -0.075038
30/09/2018 17:11:48 INFO THE MCTS ACTION VALUES: ['0.11', '0.00', '0.21', '0.18', '0.14', '0.19', '0.18']
30/09/2018 17:11:48 INFO CUR PRED ACTION VALUES: ['0.15', '0.14', '0.14', '0.14', '0.14', '0.14', '0.14']
30/09/2018 17:11:48 INFO BES PRED ACTION VALUES: ['0.14', '0.14', '0.14', '0.14', '0.14', '0.14', '0.14']
30/09/2018 17:11:48 INFO 
-X-----
-X-----
-O-----
-O-----
-X-O---
-OOX--X
30/09/2018 17:11:48 INFO ****************************************************************************************************
30/09/2018 17:11:48 INFO MCTS VALUE FOR 
[[ 0.  0.  0.  0.  0.  0.  0.]
 [ 0.  0.  0.  0.  0.  0.  0.]
 [ 0.  0.  0.  0.  0.  0.  0.]
 [ 0.  0.  0.  0.  0.  0.  0.]
 [ 0.  0. -1.  0.  1.  0. -1.]
 [ 0.  0.  1. -1. -1.  1.  1.]]: 1.000000
30/09/2018 17:11:48 INFO CUR PRED VALUE FOR X: 0.991167
30/09/2018 17:11:48 INFO BEST PRED VALUE FOR X: -0.054243
30/09/2018 17:11:48 INFO THE MCTS ACTION VALUES: ['0.13', '0.13', '0.11', '0.11', '0.13', '0.24', '0.16']
30/09/2018 17:11:48 INFO CUR PRED ACTION VALUES: ['0.15', '0.14', '0.14', '0.15', '0.14', '0.14', '0.14']
30/09/2018 17:11:48 INFO BES PRED ACTION VALUES: ['0.14', '0.14', '0.14', '0.14', '0.14', '0.15', '0.14']
30/09/2018 17:11:48 INFO 
-------
-------
-------
-------
--O-X-O
--XOOXX
30/09/2018 17:11:48 INFO ****************************************************************************************************
30/09/2018 17:11:48 INFO MCTS VALUE FOR 
[[ 0.  0.  0.  0.  0.  0.  0.]
 [ 0.  0.  0.  0.  0.  0.  0.]
 [ 0.  0.  0.  0.  0.  0.  0.]
 [ 0.  0.  0.  0.  0.  0. -1.]
 [ 0.  1.  0.  0.  0.  0.  1.]
 [-1.  1.  0.  1.  0.  0. -1.]]: 1.000000
30/09/2018 17:11:48 INFO CUR PRED VALUE FOR O: 0.462706
30/09/2018 17:11:48 INFO BEST PRED VALUE FOR O: 0.094953
30/09/2018 17:11:48 INFO THE MCTS ACTION VALUES: ['0.17', '0.19', '0.14', '0.12', '0.08', '0.10', '0.20']
30/09/2018 17:11:48 INFO CUR PRED ACTION VALUES: ['0.14', '0.15', '0.14', '0.14', '0.14', '0.14', '0.14']
30/09/2018 17:11:48 INFO BES PRED ACTION VALUES: ['0.14', '0.14', '0.14', '0.14', '0.14', '0.14', '0.14']
30/09/2018 17:11:48 INFO 
-------
-------
-------
------O
-X----X
OX-X--O
30/09/2018 17:11:48 INFO ****************************************************************************************************
30/09/2018 17:11:48 INFO MCTS VALUE FOR 
[[ 0.  0.  0.  0.  0.  0.  0.]
 [ 0.  0.  0.  0.  0.  0.  0.]
 [ 0.  0.  0.  0.  0.  0.  0.]
 [ 0.  0.  0.  0.  0.  0.  0.]
 [ 1.  0.  0.  0.  0.  0.  0.]
 [-1.  1. -1. -1.  1. -1.  1.]]: 1.000000
30/09/2018 17:11:48 INFO CUR PRED VALUE FOR X: 0.991177
30/09/2018 17:11:48 INFO BEST PRED VALUE FOR X: -0.069181
30/09/2018 17:11:48 INFO THE MCTS ACTION VALUES: ['0.16', '0.23', '0.11', '0.14', '0.09', '0.18', '0.11']
30/09/2018 17:11:48 INFO CUR PRED ACTION VALUES: ['0.15', '0.14', '0.14', '0.14', '0.14', '0.14', '0.14']
30/09/2018 17:11:48 INFO BES PRED ACTION VALUES: ['0.14', '0.14', '0.14', '0.14', '0.14', '0.14', '0.14']
30/09/2018 17:11:48 INFO 
-------
-------
-------
-------
X------
OXOOXOX
30/09/2018 17:11:48 INFO ****************************************************************************************************
30/09/2018 17:11:48 INFO MCTS VALUE FOR 
[[ 0.  0.  0.  0.  0.  0.  0.]
 [ 0.  0.  0.  0.  0.  0.  0.]
 [ 0.  0.  0.  0.  0.  0.  0.]
 [ 0.  0.  0.  0.  0.  0.  0.]
 [ 0.  0.  0.  0. -1.  0.  0.]
 [ 1.  0. -1.  0.  1.  0.  0.]]: 1.000000
30/09/2018 17:11:48 INFO CUR PRED VALUE FOR X: 0.989408
30/09/2018 17:11:48 INFO BEST PRED VALUE FOR X: -0.095825
30/09/2018 17:11:48 INFO THE MCTS ACTION VALUES: ['0.12', '0.16', '0.22', '0.17', '0.10', '0.10', '0.12']
30/09/2018 17:11:48 INFO CUR PRED ACTION VALUES: ['0.14', '0.14', '0.15', '0.14', '0.14', '0.14', '0.14']
30/09/2018 17:11:48 INFO BES PRED ACTION VALUES: ['0.14', '0.14', '0.14', '0.14', '0.14', '0.14', '0.14']
30/09/2018 17:11:48 INFO 
-------
-------
-------
-------
----O--
X-O-X--
30/09/2018 17:11:48 INFO ****************************************************************************************************
30/09/2018 17:11:48 INFO MCTS VALUE FOR 
[[ 0.  0.  0.  0.  0.  1.  0.]
 [ 0.  0.  0.  0.  0.  1.  0.]
 [ 0.  0.  0.  0.  0. -1.  0.]
 [ 0.  0.  0.  1.  0. -1.  0.]
 [ 1.  1.  0. -1. -1.  1.  0.]
 [ 1. -1.  0.  1. -1. -1. -1.]]: 1.000000
30/09/2018 17:11:48 INFO CUR PRED VALUE FOR X: 0.989127
30/09/2018 17:11:48 INFO BEST PRED VALUE FOR X: -0.102174
30/09/2018 17:11:48 INFO THE MCTS ACTION VALUES: ['0.16', '0.11', '0.18', '0.11', '0.25', '0.00', '0.18']
30/09/2018 17:11:48 INFO CUR PRED ACTION VALUES: ['0.14', '0.14', '0.14', '0.14', '0.15', '0.14', '0.14']
30/09/2018 17:11:48 INFO BES PRED ACTION VALUES: ['0.14', '0.14', '0.14', '0.14', '0.14', '0.14', '0.14']
30/09/2018 17:11:48 INFO 
-----X-
-----X-
-----O-
---X-O-
XX-OOX-
XO-XOOO
30/09/2018 17:11:48 INFO ****************************************************************************************************
30/09/2018 17:11:48 INFO MCTS VALUE FOR 
[[ 0.  0.  0.  0.  0.  0.  0.]
 [ 0.  0.  0.  0.  0.  0.  0.]
 [ 0.  0.  0.  0.  0.  0.  0.]
 [ 0.  0.  0.  0.  0.  0.  0.]
 [ 0.  0. -1.  0. -1.  0.  0.]
 [ 0. -1.  1.  0.  1.  0.  1.]]: 1.000000
30/09/2018 17:11:48 INFO CUR PRED VALUE FOR X: 0.991384
30/09/2018 17:11:48 INFO BEST PRED VALUE FOR X: -0.066170
30/09/2018 17:11:48 INFO THE MCTS ACTION VALUES: ['0.16', '0.09', '0.12', '0.14', '0.16', '0.16', '0.19']
30/09/2018 17:11:48 INFO CUR PRED ACTION VALUES: ['0.14', '0.14', '0.14', '0.14', '0.14', '0.14', '0.14']
30/09/2018 17:11:48 INFO BES PRED ACTION VALUES: ['0.14', '0.14', '0.14', '0.14', '0.14', '0.15', '0.14']
30/09/2018 17:11:48 INFO 
-------
-------
-------
-------
--O-O--
-OX-X-X
30/09/2018 17:11:48 INFO ****************************************************************************************************
30/09/2018 17:11:48 INFO MCTS VALUE FOR 
[[ 0.  0.  0.  0.  0.  0.  0.]
 [ 0.  0.  0.  0.  0.  0.  0.]
 [ 0.  0.  0.  0.  0.  0.  0.]
 [ 0. -1.  0.  0.  0.  0.  0.]
 [ 0.  1.  0.  0.  0.  0.  0.]
 [ 0. -1.  0.  0.  0.  0.  1.]]: 1.000000
30/09/2018 17:11:48 INFO CUR PRED VALUE FOR X: 0.990346
30/09/2018 17:11:48 INFO BEST PRED VALUE FOR X: -0.064020
30/09/2018 17:11:48 INFO THE MCTS ACTION VALUES: ['0.10', '0.14', '0.19', '0.14', '0.14', '0.12', '0.19']
30/09/2018 17:11:48 INFO CUR PRED ACTION VALUES: ['0.15', '0.14', '0.14', '0.14', '0.14', '0.14', '0.14']
30/09/2018 17:11:48 INFO BES PRED ACTION VALUES: ['0.14', '0.14', '0.14', '0.14', '0.14', '0.14', '0.14']
30/09/2018 17:11:48 INFO 
-------
-------
-------
-O-----
-X-----
-O----X
30/09/2018 17:11:48 INFO ****************************************************************************************************
30/09/2018 17:11:48 INFO MCTS VALUE FOR 
[[ 0.  0.  0.  0.  0.  0.  0.]
 [ 0.  0.  0.  0.  0.  0.  0.]
 [ 0.  0.  0.  0.  0.  0.  0.]
 [ 0.  0.  0.  0.  0.  0.  0.]
 [ 0.  0.  0. -1.  0.  0. -1.]
 [ 0.  1. -1.  1.  0.  0.  1.]]: 1.000000
30/09/2018 17:11:48 INFO CUR PRED VALUE FOR X: 0.989426
30/09/2018 17:11:48 INFO BEST PRED VALUE FOR X: -0.076062
30/09/2018 17:11:48 INFO THE MCTS ACTION VALUES: ['0.19', '0.13', '0.15', '0.13', '0.11', '0.15', '0.15']
30/09/2018 17:11:48 INFO CUR PRED ACTION VALUES: ['0.15', '0.14', '0.14', '0.14', '0.14', '0.14', '0.14']
30/09/2018 17:11:48 INFO BES PRED ACTION VALUES: ['0.14', '0.14', '0.14', '0.14', '0.14', '0.14', '0.14']
30/09/2018 17:11:48 INFO 
-------
-------
-------
-------
---O--O
-XOX--X
30/09/2018 17:11:48 INFO ****************************************************************************************************
30/09/2018 17:11:48 INFO MCTS VALUE FOR 
[[ 0.  0.  0.  0.  0.  1.  0.]
 [ 0.  0.  0.  0.  0.  1.  0.]
 [ 0.  0.  0.  1.  0. -1.  0.]
 [ 0.  0.  0.  1.  1. -1. -1.]
 [ 1.  1.  0. -1. -1.  1. -1.]
 [ 1. -1.  0.  1. -1. -1. -1.]]: 1.000000
30/09/2018 17:11:48 INFO CUR PRED VALUE FOR X: 0.989514
30/09/2018 17:11:48 INFO BEST PRED VALUE FOR X: -0.082977
30/09/2018 17:11:48 INFO THE MCTS ACTION VALUES: ['0.06', '0.06', '0.06', '0.06', '0.06', '0.00', '0.71']
30/09/2018 17:11:48 INFO CUR PRED ACTION VALUES: ['0.15', '0.14', '0.14', '0.14', '0.15', '0.14', '0.14']
30/09/2018 17:11:48 INFO BES PRED ACTION VALUES: ['0.14', '0.14', '0.14', '0.14', '0.14', '0.14', '0.14']
30/09/2018 17:11:48 INFO 
-----X-
-----X-
---X-O-
---XXOO
XX-OOXO
XO-XOOO
30/09/2018 17:11:48 INFO ****************************************************************************************************
30/09/2018 17:11:48 INFO MCTS VALUE FOR 
[[ 0.  0.  0.  0.  0.  0.  0.]
 [ 0.  0.  0.  0.  0.  0.  0.]
 [ 0.  0.  0.  0.  0.  0.  0.]
 [-1.  0.  0.  0.  0.  0.  0.]
 [ 1.  0.  0.  1.  0.  1.  0.]
 [-1.  0. -1.  1.  0.  1. -1.]]: 1.000000
30/09/2018 17:11:48 INFO CUR PRED VALUE FOR O: 0.524228
30/09/2018 17:11:48 INFO BEST PRED VALUE FOR O: 0.101148
30/09/2018 17:11:48 INFO THE MCTS ACTION VALUES: ['0.16', '0.09', '0.16', '0.11', '0.14', '0.14', '0.20']
30/09/2018 17:11:48 INFO CUR PRED ACTION VALUES: ['0.14', '0.15', '0.14', '0.14', '0.14', '0.15', '0.14']
30/09/2018 17:11:48 INFO BES PRED ACTION VALUES: ['0.14', '0.14', '0.14', '0.14', '0.14', '0.14', '0.14']
30/09/2018 17:11:48 INFO 
-------
-------
-------
O------
X--X-X-
O-OX-XO
30/09/2018 17:11:48 INFO ****************************************************************************************************
30/09/2018 17:11:48 INFO MCTS VALUE FOR 
[[0. 0. 0. 0. 0. 0. 0.]
 [0. 0. 0. 0. 0. 0. 0.]
 [0. 0. 0. 0. 0. 0. 0.]
 [0. 0. 0. 0. 0. 0. 0.]
 [0. 0. 0. 0. 0. 0. 0.]
 [0. 0. 0. 0. 0. 0. 0.]]: 1.000000
30/09/2018 17:11:48 INFO CUR PRED VALUE FOR X: 0.990761
30/09/2018 17:11:48 INFO BEST PRED VALUE FOR X: -0.080786
30/09/2018 17:11:48 INFO THE MCTS ACTION VALUES: ['0.14', '0.10', '0.16', '0.18', '0.20', '0.08', '0.12']
30/09/2018 17:11:48 INFO CUR PRED ACTION VALUES: ['0.15', '0.14', '0.14', '0.14', '0.14', '0.14', '0.14']
30/09/2018 17:11:48 INFO BES PRED ACTION VALUES: ['0.14', '0.14', '0.14', '0.14', '0.14', '0.14', '0.14']
30/09/2018 17:11:48 INFO 
-------
-------
-------
-------
-------
-------
30/09/2018 17:11:48 INFO ****************************************************************************************************
30/09/2018 17:11:48 INFO MCTS VALUE FOR 
[[ 0.  0.  0.  0.  0.  0.  0.]
 [ 0.  0.  0.  0.  0.  0.  0.]
 [ 0.  0.  0.  0.  0.  0.  0.]
 [ 0.  0.  0. -1.  0.  0.  1.]
 [ 0.  0. -1. -1.  0.  1. -1.]
 [ 0.  1. -1.  1. -1.  1.  1.]]: 1.000000
30/09/2018 17:11:48 INFO CUR PRED VALUE FOR X: 0.989750
30/09/2018 17:11:48 INFO BEST PRED VALUE FOR X: -0.073512
30/09/2018 17:11:48 INFO THE MCTS ACTION VALUES: ['0.12', '0.12', '0.13', '0.20', '0.15', '0.17', '0.12']
30/09/2018 17:11:48 INFO CUR PRED ACTION VALUES: ['0.15', '0.14', '0.14', '0.14', '0.14', '0.14', '0.14']
30/09/2018 17:11:48 INFO BES PRED ACTION VALUES: ['0.14', '0.14', '0.14', '0.14', '0.14', '0.14', '0.14']
30/09/2018 17:11:48 INFO 
-------
-------
-------
---O--X
--OO-XO
-XOXOXX
30/09/2018 17:11:48 INFO ****************************************************************************************************
30/09/2018 17:11:48 INFO MCTS VALUE FOR 
[[ 0.  1.  0.  0.  0.  0.  0.]
 [ 0.  1.  0.  0.  0.  0.  0.]
 [ 0. -1.  0.  1.  0.  0.  0.]
 [ 0. -1.  0.  1.  0.  0.  0.]
 [ 0.  1. -1. -1.  0.  1.  1.]
 [-1. -1. -1.  1.  0. -1.  1.]]: -1.000000
30/09/2018 17:11:48 INFO CUR PRED VALUE FOR O: -0.218479
30/09/2018 17:11:48 INFO BEST PRED VALUE FOR O: 0.079698
30/09/2018 17:11:48 INFO THE MCTS ACTION VALUES: ['0.14', '0.00', '0.20', '0.16', '0.14', '0.18', '0.18']
30/09/2018 17:11:48 INFO CUR PRED ACTION VALUES: ['0.15', '0.14', '0.14', '0.14', '0.14', '0.14', '0.14']
30/09/2018 17:11:48 INFO BES PRED ACTION VALUES: ['0.14', '0.14', '0.14', '0.14', '0.14', '0.14', '0.14']
30/09/2018 17:11:48 INFO 
-X-----
-X-----
-O-X---
-O-X---
-XOO-XX
OOOX-OX
30/09/2018 17:11:48 INFO ****************************************************************************************************
30/09/2018 17:11:48 INFO MCTS VALUE FOR 
[[ 0.  0.  0. -1.  0.  0.  0.]
 [ 1. -1.  0. -1. -1.  1. -1.]
 [-1. -1.  0.  1.  1. -1.  1.]
 [ 1. -1.  0. -1.  1.  1.  1.]
 [-1.  1.  0. -1. -1.  1.  1.]
 [ 1.  1. -1.  1. -1.  1. -1.]]: 1.000000
30/09/2018 17:11:48 INFO CUR PRED VALUE FOR X: 0.989408
30/09/2018 17:11:48 INFO BEST PRED VALUE FOR X: -0.057451
30/09/2018 17:11:48 INFO THE MCTS ACTION VALUES: ['0.05', '0.67', '0.08', '0.00', '0.07', '0.07', '0.06']
30/09/2018 17:11:48 INFO CUR PRED ACTION VALUES: ['0.14', '0.14', '0.15', '0.14', '0.14', '0.14', '0.15']
30/09/2018 17:11:48 INFO BES PRED ACTION VALUES: ['0.14', '0.14', '0.14', '0.14', '0.14', '0.15', '0.14']
30/09/2018 17:11:48 INFO 
---O---
XO-OOXO
OO-XXOX
XO-OXXX
OX-OOXX
XXOXOXO
30/09/2018 17:11:48 INFO ****************************************************************************************************
30/09/2018 17:11:48 INFO MCTS VALUE FOR 
[[ 0. -1.  0.  0. -1.  0.  0.]
 [ 1.  1.  0.  0.  1.  0. -1.]
 [ 1. -1.  1.  0. -1.  1.  1.]
 [-1. -1. -1.  0. -1. -1.  1.]
 [-1.  1.  1. -1. -1.  1. -1.]
 [ 1.  1. -1. -1.  1.  1.  1.]]: 1.000000
30/09/2018 17:11:48 INFO CUR PRED VALUE FOR X: 0.987051
30/09/2018 17:11:48 INFO BEST PRED VALUE FOR X: -0.020393
30/09/2018 17:11:48 INFO THE MCTS ACTION VALUES: ['0.09', '0.00', '0.11', '0.59', '0.00', '0.09', '0.11']
30/09/2018 17:11:48 INFO CUR PRED ACTION VALUES: ['0.14', '0.14', '0.14', '0.15', '0.13', '0.15', '0.15']
30/09/2018 17:11:48 INFO BES PRED ACTION VALUES: ['0.14', '0.14', '0.14', '0.14', '0.14', '0.15', '0.14']
30/09/2018 17:11:48 INFO 
-O--O--
XX--X-O
XOX-OXX
OOO-OOX
OXXOOXO
XXOOXXX
30/09/2018 17:11:48 INFO ****************************************************************************************************
30/09/2018 17:11:48 INFO MCTS VALUE FOR 
[[ 0.  0. -1.  0.  0.  0.  0.]
 [ 0.  0.  1.  0.  0.  0.  0.]
 [ 0.  0. -1.  0.  0.  0.  0.]
 [ 0.  0. -1.  0. -1.  0.  0.]
 [ 0.  0. -1.  0.  1.  1. -1.]
 [ 1.  1.  1. -1. -1.  1.  1.]]: 1.000000
30/09/2018 17:11:48 INFO CUR PRED VALUE FOR X: 0.990746
30/09/2018 17:11:48 INFO BEST PRED VALUE FOR X: -0.039969
30/09/2018 17:11:48 INFO THE MCTS ACTION VALUES: ['0.18', '0.16', '0.00', '0.18', '0.11', '0.21', '0.16']
30/09/2018 17:11:48 INFO CUR PRED ACTION VALUES: ['0.15', '0.15', '0.14', '0.15', '0.14', '0.14', '0.14']
30/09/2018 17:11:48 INFO BES PRED ACTION VALUES: ['0.14', '0.14', '0.14', '0.14', '0.14', '0.14', '0.14']
30/09/2018 17:11:48 INFO 
--O----
--X----
--O----
--O-O--
--O-XXO
XXXOOXX
30/09/2018 17:11:48 INFO ****************************************************************************************************
30/09/2018 17:11:48 INFO MCTS VALUE FOR 
[[ 0.  0. -1.  0.  0. -1. -1.]
 [-1. -1.  1.  0.  1.  1.  1.]
 [ 1.  1. -1.  0.  1. -1.  1.]
 [ 1. -1. -1.  1. -1. -1. -1.]
 [-1.  1. -1. -1.  1.  1. -1.]
 [ 1.  1.  1. -1. -1.  1.  1.]]: 1.000000
30/09/2018 17:11:48 INFO CUR PRED VALUE FOR X: 0.990928
30/09/2018 17:11:48 INFO BEST PRED VALUE FOR X: -0.094378
30/09/2018 17:11:48 INFO THE MCTS ACTION VALUES: ['0.86', '0.05', '0.00', '0.05', '0.04', '0.00', '0.00']
30/09/2018 17:11:48 INFO CUR PRED ACTION VALUES: ['0.15', '0.15', '0.13', '0.15', '0.14', '0.14', '0.14']
30/09/2018 17:11:48 INFO BES PRED ACTION VALUES: ['0.14', '0.14', '0.14', '0.14', '0.14', '0.14', '0.14']
30/09/2018 17:11:48 INFO 
--O--OO
OOX-XXX
XXO-XOX
XOOXOOO
OXOOXXO
XXXOOXX
30/09/2018 17:11:48 INFO ****************************************************************************************************
30/09/2018 17:11:48 INFO MCTS VALUE FOR 
[[ 0.  0.  0.  0.  0.  0.  0.]
 [-1.  0.  1.  0.  0.  0.  0.]
 [ 1.  0.  1.  0.  0.  0.  0.]
 [-1.  0.  1.  0.  0.  0.  0.]
 [ 1. -1. -1.  1.  0.  1.  0.]
 [-1. -1. -1.  1.  0.  1. -1.]]: 1.000000
30/09/2018 17:11:48 INFO CUR PRED VALUE FOR O: 0.668988
30/09/2018 17:11:48 INFO BEST PRED VALUE FOR O: 0.108800
30/09/2018 17:11:48 INFO THE MCTS ACTION VALUES: ['0.10', '0.12', '0.29', '0.12', '0.12', '0.14', '0.12']
30/09/2018 17:11:48 INFO CUR PRED ACTION VALUES: ['0.14', '0.15', '0.14', '0.14', '0.14', '0.15', '0.14']
30/09/2018 17:11:48 INFO BES PRED ACTION VALUES: ['0.14', '0.14', '0.14', '0.14', '0.14', '0.14', '0.14']
30/09/2018 17:11:48 INFO 
-------
O-X----
X-X----
O-X----
XOOX-X-
OOOX-XO
30/09/2018 17:11:48 INFO ****************************************************************************************************
30/09/2018 17:11:48 INFO MCTS VALUE FOR 
[[0. 0. 0. 0. 0. 0. 0.]
 [0. 0. 0. 0. 0. 0. 0.]
 [0. 0. 0. 0. 0. 0. 0.]
 [0. 0. 0. 0. 0. 0. 0.]
 [0. 0. 0. 0. 0. 0. 0.]
 [0. 1. 0. 0. 0. 0. 0.]]: 1.000000
30/09/2018 17:11:48 INFO CUR PRED VALUE FOR O: 0.226265
30/09/2018 17:11:48 INFO BEST PRED VALUE FOR O: 0.097098
30/09/2018 17:11:48 INFO THE MCTS ACTION VALUES: ['0.11', '0.15', '0.13', '0.15', '0.17', '0.17', '0.13']
30/09/2018 17:11:48 INFO CUR PRED ACTION VALUES: ['0.15', '0.14', '0.14', '0.14', '0.14', '0.14', '0.14']
30/09/2018 17:11:48 INFO BES PRED ACTION VALUES: ['0.14', '0.14', '0.14', '0.14', '0.14', '0.14', '0.14']
30/09/2018 17:11:48 INFO 
-------
-------
-------
-------
-------
-X-----
30/09/2018 17:11:48 INFO ****************************************************************************************************
30/09/2018 17:11:48 INFO MCTS VALUE FOR 
[[ 0.  0.  0. -1.  0.  0.  0.]
 [ 0.  0.  0. -1.  0.  0.  1.]
 [ 0.  0.  0.  1.  0.  0. -1.]
 [ 0.  0.  1. -1.  0. -1.  1.]
 [ 1.  1. -1. -1.  0.  1. -1.]
 [-1.  1. -1.  1. -1.  1.  1.]]: 1.000000
30/09/2018 17:11:48 INFO CUR PRED VALUE FOR X: 0.988842
30/09/2018 17:11:48 INFO BEST PRED VALUE FOR X: -0.071515
30/09/2018 17:11:48 INFO THE MCTS ACTION VALUES: ['0.19', '0.23', '0.18', '0.00', '0.13', '0.18', '0.10']
30/09/2018 17:11:48 INFO CUR PRED ACTION VALUES: ['0.15', '0.14', '0.14', '0.14', '0.15', '0.14', '0.14']
30/09/2018 17:11:48 INFO BES PRED ACTION VALUES: ['0.14', '0.14', '0.14', '0.14', '0.14', '0.14', '0.14']
30/09/2018 17:11:48 INFO 
---O---
---O--X
---X--O
--XO-OX
XXOO-XO
OXOXOXX
30/09/2018 17:11:48 INFO ****************************************************************************************************
30/09/2018 17:11:48 INFO MCTS VALUE FOR 
[[ 0.  0.  0.  0.  0.  0.  0.]
 [ 0.  0.  0.  0.  0.  0.  0.]
 [ 0.  0.  0.  0. -1.  0.  0.]
 [ 0.  0.  0.  0. -1.  0.  0.]
 [-1.  1.  1.  0. -1.  0.  0.]
 [ 1.  1. -1. -1.  1.  0.  1.]]: 1.000000
30/09/2018 17:11:48 INFO CUR PRED VALUE FOR X: 0.987312
30/09/2018 17:11:48 INFO BEST PRED VALUE FOR X: -0.085707
30/09/2018 17:11:48 INFO THE MCTS ACTION VALUES: ['0.12', '0.14', '0.12', '0.16', '0.21', '0.10', '0.16']
30/09/2018 17:11:48 INFO CUR PRED ACTION VALUES: ['0.14', '0.14', '0.14', '0.14', '0.14', '0.14', '0.15']
30/09/2018 17:11:48 INFO BES PRED ACTION VALUES: ['0.14', '0.14', '0.14', '0.14', '0.14', '0.14', '0.14']
30/09/2018 17:11:48 INFO 
-------
-------
----O--
----O--
OXX-O--
XXOOX-X
30/09/2018 17:11:48 INFO ****************************************************************************************************
30/09/2018 17:11:48 INFO MCTS VALUE FOR 
[[0. 0. 0. 0. 0. 0. 0.]
 [0. 0. 0. 0. 0. 0. 0.]
 [0. 0. 0. 0. 0. 0. 0.]
 [0. 0. 0. 0. 0. 0. 0.]
 [0. 0. 0. 0. 0. 0. 0.]
 [0. 0. 0. 0. 0. 1. 0.]]: 1.000000
30/09/2018 17:11:48 INFO CUR PRED VALUE FOR O: 0.305372
30/09/2018 17:11:48 INFO BEST PRED VALUE FOR O: 0.106923
30/09/2018 17:11:48 INFO THE MCTS ACTION VALUES: ['0.13', '0.17', '0.17', '0.15', '0.13', '0.15', '0.11']
30/09/2018 17:11:48 INFO CUR PRED ACTION VALUES: ['0.14', '0.15', '0.14', '0.14', '0.14', '0.14', '0.14']
30/09/2018 17:11:48 INFO BES PRED ACTION VALUES: ['0.14', '0.14', '0.14', '0.14', '0.14', '0.14', '0.14']
30/09/2018 17:11:48 INFO 
-------
-------
-------
-------
-------
-----X-
30/09/2018 17:11:48 INFO ****************************************************************************************************
30/09/2018 17:11:48 INFO MCTS VALUE FOR 
[[ 0.  1.  0.  0.  0.  0.  0.]
 [ 0.  1.  0.  0.  0.  0.  0.]
 [ 0. -1.  0.  0.  0.  0.  0.]
 [ 0. -1.  0.  1.  0.  0.  0.]
 [ 0.  1. -1. -1.  0.  1.  1.]
 [ 0. -1. -1.  1.  0. -1.  1.]]: -1.000000
30/09/2018 17:11:48 INFO CUR PRED VALUE FOR O: -0.296534
30/09/2018 17:11:48 INFO BEST PRED VALUE FOR O: 0.065301
30/09/2018 17:11:48 INFO THE MCTS ACTION VALUES: ['0.20', '0.00', '0.20', '0.13', '0.13', '0.17', '0.17']
30/09/2018 17:11:48 INFO CUR PRED ACTION VALUES: ['0.15', '0.14', '0.14', '0.14', '0.14', '0.14', '0.14']
30/09/2018 17:11:48 INFO BES PRED ACTION VALUES: ['0.14', '0.14', '0.14', '0.14', '0.14', '0.14', '0.14']
30/09/2018 17:11:48 INFO 
-X-----
-X-----
-O-----
-O-X---
-XOO-XX
-OOX-OX
30/09/2018 17:11:48 INFO ****************************************************************************************************
